2025-06-22 04:42:49 INFO  [background-preinit] o.h.validator.internal.util.Version - HV000001: Hibernate Validator 8.0.2.Final
2025-06-22 04:42:49 INFO  [main] c.a.kr.secureuserapp.BookApplication - Starting BookApplication using Java 22.0.2 with PID 13240 (C:\Users\nvtuy\IdeaProjects\Book-Store\target\classes started by nvtuy in C:\Users\nvtuy\IdeaProjects\Book-Store)
2025-06-22 04:42:49 INFO  [main] c.a.kr.secureuserapp.BookApplication - No active profile set, falling back to 1 default profile: "default"
2025-06-22 04:42:50 INFO  [main] o.s.d.r.c.RepositoryConfigurationDelegate - Bootstrapping Spring Data JPA repositories in DEFAULT mode.
2025-06-22 04:42:50 INFO  [main] o.s.d.r.c.RepositoryConfigurationDelegate - Finished Spring Data repository scanning in 74 ms. Found 4 JPA repository interfaces.
2025-06-22 04:42:51 INFO  [main] o.s.b.w.e.tomcat.TomcatWebServer - Tomcat initialized with port 8080 (http)
2025-06-22 04:42:51 INFO  [main] o.a.coyote.http11.Http11NioProtocol - Initializing ProtocolHandler ["http-nio-8080"]
2025-06-22 04:42:51 INFO  [main] o.a.catalina.core.StandardService - Starting service [Tomcat]
2025-06-22 04:42:51 INFO  [main] o.a.catalina.core.StandardEngine - Starting Servlet engine: [Apache Tomcat/10.1.39]
2025-06-22 04:42:51 INFO  [main] o.a.c.c.C.[Tomcat].[localhost].[/] - Initializing Spring embedded WebApplicationContext
2025-06-22 04:42:51 INFO  [main] o.s.b.w.s.c.ServletWebServerApplicationContext - Root WebApplicationContext: initialization completed in 1737 ms
2025-06-22 04:42:51 INFO  [main] o.h.jpa.internal.util.LogHelper - HHH000204: Processing PersistenceUnitInfo [name: default]
2025-06-22 04:42:51 INFO  [main] org.hibernate.Version - HHH000412: Hibernate ORM core version 6.6.11.Final
2025-06-22 04:42:51 INFO  [main] o.h.c.i.RegionFactoryInitiator - HHH000026: Second-level cache disabled
2025-06-22 04:42:52 INFO  [main] o.s.o.j.p.SpringPersistenceUnitInfo - No LoadTimeWeaver setup: ignoring JPA class transformer
2025-06-22 04:42:52 INFO  [main] com.zaxxer.hikari.HikariDataSource - HikariPool-1 - Starting...
2025-06-22 04:42:52 INFO  [main] com.zaxxer.hikari.pool.HikariPool - HikariPool-1 - Added connection ConnectionID:1 ClientConnectionId: 0704ae2e-c1f1-458d-9efb-a0888b4b5438
2025-06-22 04:42:52 INFO  [main] com.zaxxer.hikari.HikariDataSource - HikariPool-1 - Start completed.
2025-06-22 04:42:52 INFO  [main] o.hibernate.orm.connections.pooling - HHH10001005: Database info:
	Database JDBC URL [Connecting through datasource 'HikariDataSource (HikariPool-1)']
	Database driver: undefined/unknown
	Database version: 16.0
	Autocommit mode: undefined/unknown
	Isolation level: undefined/unknown
	Minimum pool size: undefined/unknown
	Maximum pool size: undefined/unknown
2025-06-22 04:42:53 INFO  [main] o.h.e.t.j.p.i.JtaPlatformInitiator - HHH000489: No JTA platform available (set 'hibernate.transaction.jta.platform' to enable JTA platform integration)
2025-06-22 04:42:54 INFO  [main] o.s.o.j.LocalContainerEntityManagerFactoryBean - Initialized JPA EntityManagerFactory for persistence unit 'default'
2025-06-22 04:42:54 INFO  [main] o.s.d.j.r.query.QueryEnhancerFactory - Hibernate is in classpath; If applicable, HQL parser will be used.
2025-06-22 04:42:55 INFO  [main] o.s.s.c.a.a.c.InitializeAuthenticationProviderBeanManagerConfigurer$InitializeAuthenticationProviderManagerConfigurer - Global AuthenticationManager configured with AuthenticationProvider bean with name authenticationProvider
2025-06-22 04:42:55 WARN  [main] o.s.s.c.a.a.c.InitializeUserDetailsBeanManagerConfigurer$InitializeUserDetailsManagerConfigurer - Global AuthenticationManager configured with an AuthenticationProvider bean. UserDetailsService beans will not be used by Spring Security for automatically configuring username/password login. Consider removing the AuthenticationProvider bean. Alternatively, consider using the UserDetailsService in a manually instantiated DaoAuthenticationProvider. If the current configuration is intentional, to turn off this warning, increase the logging level of 'org.springframework.security.config.annotation.authentication.configuration.InitializeUserDetailsBeanManagerConfigurer' to ERROR
2025-06-22 04:42:56 WARN  [main] o.s.b.a.o.j.JpaBaseConfiguration$JpaWebConfiguration - spring.jpa.open-in-view is enabled by default. Therefore, database queries may be performed during view rendering. Explicitly configure spring.jpa.open-in-view to disable this warning
2025-06-22 04:42:56 INFO  [main] o.a.coyote.http11.Http11NioProtocol - Starting ProtocolHandler ["http-nio-8080"]
2025-06-22 04:42:56 INFO  [main] o.s.b.w.e.tomcat.TomcatWebServer - Tomcat started on port 8080 (http) with context path '/'
2025-06-22 04:42:56 INFO  [main] c.a.kr.secureuserapp.BookApplication - Started BookApplication in 7.795 seconds (process running for 8.66)
2025-06-22 04:43:05 INFO  [http-nio-8080-exec-2] o.a.c.c.C.[Tomcat].[localhost].[/] - Initializing Spring DispatcherServlet 'dispatcherServlet'
2025-06-22 04:43:05 INFO  [http-nio-8080-exec-2] o.s.web.servlet.DispatcherServlet - Initializing Servlet 'dispatcherServlet'
2025-06-22 04:43:05 INFO  [http-nio-8080-exec-2] o.s.web.servlet.DispatcherServlet - Completed initialization in 0 ms
2025-06-22 04:43:05 INFO  [http-nio-8080-exec-2] c.a.k.s.Aspect.LoggingAspect - ==> Bắt đầu gọi: public org.springframework.http.ResponseEntity catholic.ac.kr.secureuserapp.controller.AuthController.login(catholic.ac.kr.secureuserapp.model.dto.LoginRequest)
2025-06-22 04:43:05 INFO  [http-nio-8080-exec-2] c.a.k.s.Aspect.LoggingAspect - ==> Bắt đầu gọi: public catholic.ac.kr.secureuserapp.model.dto.ApiResponse catholic.ac.kr.secureuserapp.service.RefreshTokenService.createRefreshToken(catholic.ac.kr.secureuserapp.model.entity.User)
2025-06-22 04:43:05 INFO  [http-nio-8080-exec-2] c.a.k.s.Aspect.LoggingAspect - <== Kết thúc: public catholic.ac.kr.secureuserapp.model.dto.ApiResponse catholic.ac.kr.secureuserapp.service.RefreshTokenService.createRefreshToken(catholic.ac.kr.secureuserapp.model.entity.User) | Thời gian: 60ms
2025-06-22 04:43:05 INFO  [http-nio-8080-exec-2] c.a.k.s.Aspect.LoggingAspect - <== Kết thúc: public org.springframework.http.ResponseEntity catholic.ac.kr.secureuserapp.controller.AuthController.login(catholic.ac.kr.secureuserapp.model.dto.LoginRequest) | Thời gian: 437ms
2025-06-22 04:43:45 INFO  [http-nio-8080-exec-4] c.a.k.s.Aspect.LoggingAspect - ==> Bắt đầu gọi: public org.springframework.http.ResponseEntity catholic.ac.kr.secureuserapp.controller.UserController.getAllUsers()
2025-06-22 04:43:45 INFO  [http-nio-8080-exec-4] c.a.k.s.Aspect.LoggingAspect - ==> Bắt đầu gọi: public catholic.ac.kr.secureuserapp.model.dto.ApiResponse catholic.ac.kr.secureuserapp.service.UserService.findAllUsers()
2025-06-22 04:43:45 INFO  [http-nio-8080-exec-4] c.a.k.s.Aspect.LoggingAspect - <== Kết thúc: public catholic.ac.kr.secureuserapp.model.dto.ApiResponse catholic.ac.kr.secureuserapp.service.UserService.findAllUsers() | Thời gian: 20ms
2025-06-22 04:43:45 INFO  [http-nio-8080-exec-4] c.a.k.s.Aspect.LoggingAspect - <== Kết thúc: public org.springframework.http.ResponseEntity catholic.ac.kr.secureuserapp.controller.UserController.getAllUsers() | Thời gian: 89ms
2025-06-22 04:44:41 INFO  [http-nio-8080-exec-3] c.a.k.s.Aspect.LoggingAspect - ==> Bắt đầu gọi: public org.springframework.http.ResponseEntity catholic.ac.kr.secureuserapp.controller.AuthController.refreshAccessToken(java.util.Map)
2025-06-22 04:44:41 INFO  [http-nio-8080-exec-3] c.a.k.s.Aspect.LoggingAspect - ==> Bắt đầu gọi: public boolean catholic.ac.kr.secureuserapp.service.RefreshTokenService.isValid(catholic.ac.kr.secureuserapp.model.entity.RefreshToken)
2025-06-22 04:44:41 INFO  [http-nio-8080-exec-3] c.a.k.s.Aspect.LoggingAspect - <== Kết thúc: public boolean catholic.ac.kr.secureuserapp.service.RefreshTokenService.isValid(catholic.ac.kr.secureuserapp.model.entity.RefreshToken) | Thời gian: 0ms
2025-06-22 04:44:41 INFO  [http-nio-8080-exec-3] c.a.k.s.Aspect.LoggingAspect - ==> Bắt đầu gọi: public void catholic.ac.kr.secureuserapp.service.RefreshTokenService.revokeToken(catholic.ac.kr.secureuserapp.model.entity.RefreshToken)
2025-06-22 04:44:41 INFO  [http-nio-8080-exec-3] c.a.k.s.Aspect.LoggingAspect - <== Kết thúc: public void catholic.ac.kr.secureuserapp.service.RefreshTokenService.revokeToken(catholic.ac.kr.secureuserapp.model.entity.RefreshToken) | Thời gian: 11ms
2025-06-22 04:44:41 INFO  [http-nio-8080-exec-3] c.a.k.s.Aspect.LoggingAspect - ==> Bắt đầu gọi: public catholic.ac.kr.secureuserapp.model.dto.ApiResponse catholic.ac.kr.secureuserapp.service.RefreshTokenService.createRefreshToken(catholic.ac.kr.secureuserapp.model.entity.User)
2025-06-22 04:44:41 WARN  [http-nio-8080-exec-3] o.h.e.jdbc.spi.SqlExceptionHelper - SQL Error: 2627, SQLState: 23000
2025-06-22 04:44:41 ERROR [http-nio-8080-exec-3] o.h.e.jdbc.spi.SqlExceptionHelper - Violation of UNIQUE KEY constraint 'UKf95ixxe7pa48ryn1awmh2evt7'. Cannot insert duplicate key in object 'dbo.refresh_token'. The duplicate key value is (1).
2025-06-22 04:44:41 INFO  [http-nio-8080-exec-3] c.a.k.s.Aspect.LoggingAspect - <== Kết thúc: public org.springframework.http.ResponseEntity catholic.ac.kr.secureuserapp.controller.AuthController.refreshAccessToken(java.util.Map) | Thời gian: 159ms
2025-06-22 04:45:06 INFO  [http-nio-8080-exec-5] c.a.k.s.Aspect.LoggingAspect - ==> Bắt đầu gọi: public org.springframework.http.ResponseEntity catholic.ac.kr.secureuserapp.controller.AuthController.refreshAccessToken(java.util.Map)
2025-06-22 04:45:06 INFO  [http-nio-8080-exec-5] c.a.k.s.Aspect.LoggingAspect - ==> Bắt đầu gọi: public boolean catholic.ac.kr.secureuserapp.service.RefreshTokenService.isValid(catholic.ac.kr.secureuserapp.model.entity.RefreshToken)
2025-06-22 04:45:06 INFO  [http-nio-8080-exec-5] c.a.k.s.Aspect.LoggingAspect - <== Kết thúc: public boolean catholic.ac.kr.secureuserapp.service.RefreshTokenService.isValid(catholic.ac.kr.secureuserapp.model.entity.RefreshToken) | Thời gian: 0ms
2025-06-22 04:45:06 INFO  [http-nio-8080-exec-5] c.a.k.s.Aspect.LoggingAspect - <== Kết thúc: public org.springframework.http.ResponseEntity catholic.ac.kr.secureuserapp.controller.AuthController.refreshAccessToken(java.util.Map) | Thời gian: 16ms
2025-06-22 04:45:13 INFO  [http-nio-8080-exec-6] c.a.k.s.Aspect.LoggingAspect - ==> Bắt đầu gọi: public org.springframework.http.ResponseEntity catholic.ac.kr.secureuserapp.controller.AuthController.refreshAccessToken(java.util.Map)
2025-06-22 04:45:13 INFO  [http-nio-8080-exec-6] c.a.k.s.Aspect.LoggingAspect - ==> Bắt đầu gọi: public boolean catholic.ac.kr.secureuserapp.service.RefreshTokenService.isValid(catholic.ac.kr.secureuserapp.model.entity.RefreshToken)
2025-06-22 04:45:13 INFO  [http-nio-8080-exec-6] c.a.k.s.Aspect.LoggingAspect - <== Kết thúc: public boolean catholic.ac.kr.secureuserapp.service.RefreshTokenService.isValid(catholic.ac.kr.secureuserapp.model.entity.RefreshToken) | Thời gian: 0ms
2025-06-22 04:45:13 INFO  [http-nio-8080-exec-6] c.a.k.s.Aspect.LoggingAspect - <== Kết thúc: public org.springframework.http.ResponseEntity catholic.ac.kr.secureuserapp.controller.AuthController.refreshAccessToken(java.util.Map) | Thời gian: 9ms
2025-06-22 04:45:33 INFO  [http-nio-8080-exec-7] c.a.k.s.Aspect.LoggingAspect - ==> Bắt đầu gọi: public org.springframework.http.ResponseEntity catholic.ac.kr.secureuserapp.controller.AuthController.refreshAccessToken(java.util.Map)
2025-06-22 04:45:33 INFO  [http-nio-8080-exec-7] c.a.k.s.Aspect.LoggingAspect - ==> Bắt đầu gọi: public boolean catholic.ac.kr.secureuserapp.service.RefreshTokenService.isValid(catholic.ac.kr.secureuserapp.model.entity.RefreshToken)
2025-06-22 04:45:33 INFO  [http-nio-8080-exec-7] c.a.k.s.Aspect.LoggingAspect - <== Kết thúc: public boolean catholic.ac.kr.secureuserapp.service.RefreshTokenService.isValid(catholic.ac.kr.secureuserapp.model.entity.RefreshToken) | Thời gian: 0ms
2025-06-22 04:45:33 INFO  [http-nio-8080-exec-7] c.a.k.s.Aspect.LoggingAspect - <== Kết thúc: public org.springframework.http.ResponseEntity catholic.ac.kr.secureuserapp.controller.AuthController.refreshAccessToken(java.util.Map) | Thời gian: 27ms
2025-06-22 04:45:37 INFO  [http-nio-8080-exec-10] c.a.k.s.Aspect.LoggingAspect - ==> Bắt đầu gọi: public org.springframework.http.ResponseEntity catholic.ac.kr.secureuserapp.controller.AuthController.login(catholic.ac.kr.secureuserapp.model.dto.LoginRequest)
2025-06-22 04:45:37 INFO  [http-nio-8080-exec-10] c.a.k.s.Aspect.LoggingAspect - ==> Bắt đầu gọi: public catholic.ac.kr.secureuserapp.model.dto.ApiResponse catholic.ac.kr.secureuserapp.service.RefreshTokenService.createRefreshToken(catholic.ac.kr.secureuserapp.model.entity.User)
2025-06-22 04:45:37 WARN  [http-nio-8080-exec-10] o.h.e.jdbc.spi.SqlExceptionHelper - SQL Error: 2627, SQLState: 23000
2025-06-22 04:45:37 ERROR [http-nio-8080-exec-10] o.h.e.jdbc.spi.SqlExceptionHelper - Violation of UNIQUE KEY constraint 'UKf95ixxe7pa48ryn1awmh2evt7'. Cannot insert duplicate key in object 'dbo.refresh_token'. The duplicate key value is (1).
2025-06-22 04:45:37 INFO  [http-nio-8080-exec-10] c.a.k.s.Aspect.LoggingAspect - <== Kết thúc: public org.springframework.http.ResponseEntity catholic.ac.kr.secureuserapp.controller.AuthController.login(catholic.ac.kr.secureuserapp.model.dto.LoginRequest) | Thời gian: 228ms
2025-06-22 04:45:55 INFO  [http-nio-8080-exec-9] c.a.k.s.Aspect.LoggingAspect - ==> Bắt đầu gọi: public org.springframework.http.ResponseEntity catholic.ac.kr.secureuserapp.controller.AuthController.logout(catholic.ac.kr.secureuserapp.model.dto.LogoutRequest)
2025-06-22 04:45:55 INFO  [http-nio-8080-exec-9] c.a.k.s.Aspect.LoggingAspect - <== Kết thúc: public org.springframework.http.ResponseEntity catholic.ac.kr.secureuserapp.controller.AuthController.logout(catholic.ac.kr.secureuserapp.model.dto.LogoutRequest) | Thời gian: 51ms
2025-06-22 04:46:03 INFO  [http-nio-8080-exec-8] c.a.k.s.Aspect.LoggingAspect - ==> Bắt đầu gọi: public org.springframework.http.ResponseEntity catholic.ac.kr.secureuserapp.controller.AuthController.login(catholic.ac.kr.secureuserapp.model.dto.LoginRequest)
2025-06-22 04:46:03 INFO  [http-nio-8080-exec-8] c.a.k.s.Aspect.LoggingAspect - ==> Bắt đầu gọi: public catholic.ac.kr.secureuserapp.model.dto.ApiResponse catholic.ac.kr.secureuserapp.service.RefreshTokenService.createRefreshToken(catholic.ac.kr.secureuserapp.model.entity.User)
2025-06-22 04:46:03 INFO  [http-nio-8080-exec-8] c.a.k.s.Aspect.LoggingAspect - <== Kết thúc: public catholic.ac.kr.secureuserapp.model.dto.ApiResponse catholic.ac.kr.secureuserapp.service.RefreshTokenService.createRefreshToken(catholic.ac.kr.secureuserapp.model.entity.User) | Thời gian: 13ms
2025-06-22 04:46:03 INFO  [http-nio-8080-exec-8] c.a.k.s.Aspect.LoggingAspect - <== Kết thúc: public org.springframework.http.ResponseEntity catholic.ac.kr.secureuserapp.controller.AuthController.login(catholic.ac.kr.secureuserapp.model.dto.LoginRequest) | Thời gian: 208ms
2025-06-22 04:46:39 INFO  [http-nio-8080-exec-1] c.a.k.s.Aspect.LoggingAspect - ==> Bắt đầu gọi: public org.springframework.http.ResponseEntity catholic.ac.kr.secureuserapp.controller.AuthController.refreshAccessToken(java.util.Map)
2025-06-22 04:46:39 INFO  [http-nio-8080-exec-1] c.a.k.s.Aspect.LoggingAspect - <== Kết thúc: public org.springframework.http.ResponseEntity catholic.ac.kr.secureuserapp.controller.AuthController.refreshAccessToken(java.util.Map) | Thời gian: 16ms
2025-06-22 04:47:20 INFO  [http-nio-8080-exec-2] c.a.k.s.Aspect.LoggingAspect - ==> Bắt đầu gọi: public org.springframework.http.ResponseEntity catholic.ac.kr.secureuserapp.controller.AuthController.refreshAccessToken(java.util.Map)
2025-06-22 04:47:20 INFO  [http-nio-8080-exec-2] c.a.k.s.Aspect.LoggingAspect - ==> Bắt đầu gọi: public boolean catholic.ac.kr.secureuserapp.service.RefreshTokenService.isValid(catholic.ac.kr.secureuserapp.model.entity.RefreshToken)
2025-06-22 04:47:20 INFO  [http-nio-8080-exec-2] c.a.k.s.Aspect.LoggingAspect - <== Kết thúc: public boolean catholic.ac.kr.secureuserapp.service.RefreshTokenService.isValid(catholic.ac.kr.secureuserapp.model.entity.RefreshToken) | Thời gian: 0ms
2025-06-22 04:47:20 INFO  [http-nio-8080-exec-2] c.a.k.s.Aspect.LoggingAspect - ==> Bắt đầu gọi: public void catholic.ac.kr.secureuserapp.service.RefreshTokenService.revokeToken(catholic.ac.kr.secureuserapp.model.entity.RefreshToken)
2025-06-22 04:47:20 INFO  [http-nio-8080-exec-2] c.a.k.s.Aspect.LoggingAspect - <== Kết thúc: public void catholic.ac.kr.secureuserapp.service.RefreshTokenService.revokeToken(catholic.ac.kr.secureuserapp.model.entity.RefreshToken) | Thời gian: 0ms
2025-06-22 04:47:20 INFO  [http-nio-8080-exec-2] c.a.k.s.Aspect.LoggingAspect - ==> Bắt đầu gọi: public catholic.ac.kr.secureuserapp.model.dto.ApiResponse catholic.ac.kr.secureuserapp.service.RefreshTokenService.createRefreshToken(catholic.ac.kr.secureuserapp.model.entity.User)
2025-06-22 04:47:20 WARN  [http-nio-8080-exec-2] o.h.e.jdbc.spi.SqlExceptionHelper - SQL Error: 2627, SQLState: 23000
2025-06-22 04:47:20 ERROR [http-nio-8080-exec-2] o.h.e.jdbc.spi.SqlExceptionHelper - Violation of UNIQUE KEY constraint 'UKf95ixxe7pa48ryn1awmh2evt7'. Cannot insert duplicate key in object 'dbo.refresh_token'. The duplicate key value is (1).
2025-06-22 04:47:20 INFO  [http-nio-8080-exec-2] c.a.k.s.Aspect.LoggingAspect - <== Kết thúc: public org.springframework.http.ResponseEntity catholic.ac.kr.secureuserapp.controller.AuthController.refreshAccessToken(java.util.Map) | Thời gian: 67ms
2025-06-22 04:53:44 INFO  [http-nio-8080-exec-5] c.a.k.s.Aspect.LoggingAspect - ==> Bắt đầu gọi: public org.springframework.http.ResponseEntity catholic.ac.kr.secureuserapp.controller.AuthController.logout(catholic.ac.kr.secureuserapp.model.dto.LogoutRequest)
2025-06-22 04:53:44 INFO  [http-nio-8080-exec-5] c.a.k.s.Aspect.LoggingAspect - <== Kết thúc: public org.springframework.http.ResponseEntity catholic.ac.kr.secureuserapp.controller.AuthController.logout(catholic.ac.kr.secureuserapp.model.dto.LogoutRequest) | Thời gian: 83ms
2025-06-22 04:53:49 INFO  [http-nio-8080-exec-6] c.a.k.s.Aspect.LoggingAspect - ==> Bắt đầu gọi: public org.springframework.http.ResponseEntity catholic.ac.kr.secureuserapp.controller.AuthController.login(catholic.ac.kr.secureuserapp.model.dto.LoginRequest)
2025-06-22 04:53:49 INFO  [http-nio-8080-exec-6] c.a.k.s.Aspect.LoggingAspect - ==> Bắt đầu gọi: public catholic.ac.kr.secureuserapp.model.dto.ApiResponse catholic.ac.kr.secureuserapp.service.RefreshTokenService.createRefreshToken(catholic.ac.kr.secureuserapp.model.entity.User)
2025-06-22 04:53:49 INFO  [http-nio-8080-exec-6] c.a.k.s.Aspect.LoggingAspect - <== Kết thúc: public catholic.ac.kr.secureuserapp.model.dto.ApiResponse catholic.ac.kr.secureuserapp.service.RefreshTokenService.createRefreshToken(catholic.ac.kr.secureuserapp.model.entity.User) | Thời gian: 34ms
2025-06-22 04:53:49 INFO  [http-nio-8080-exec-6] c.a.k.s.Aspect.LoggingAspect - <== Kết thúc: public org.springframework.http.ResponseEntity catholic.ac.kr.secureuserapp.controller.AuthController.login(catholic.ac.kr.secureuserapp.model.dto.LoginRequest) | Thời gian: 285ms
2025-06-22 04:54:23 INFO  [http-nio-8080-exec-7] c.a.k.s.Aspect.LoggingAspect - ==> Bắt đầu gọi: public org.springframework.http.ResponseEntity catholic.ac.kr.secureuserapp.controller.AuthController.refreshAccessToken(java.util.Map)
2025-06-22 04:54:23 INFO  [http-nio-8080-exec-7] c.a.k.s.Aspect.LoggingAspect - ==> Bắt đầu gọi: public boolean catholic.ac.kr.secureuserapp.service.RefreshTokenService.isValid(catholic.ac.kr.secureuserapp.model.entity.RefreshToken)
2025-06-22 04:54:23 INFO  [http-nio-8080-exec-7] c.a.k.s.Aspect.LoggingAspect - <== Kết thúc: public boolean catholic.ac.kr.secureuserapp.service.RefreshTokenService.isValid(catholic.ac.kr.secureuserapp.model.entity.RefreshToken) | Thời gian: 0ms
2025-06-22 04:54:23 INFO  [http-nio-8080-exec-7] c.a.k.s.Aspect.LoggingAspect - ==> Bắt đầu gọi: public void catholic.ac.kr.secureuserapp.service.RefreshTokenService.revokeToken(catholic.ac.kr.secureuserapp.model.entity.RefreshToken)
2025-06-22 04:54:23 INFO  [http-nio-8080-exec-7] c.a.k.s.Aspect.LoggingAspect - <== Kết thúc: public void catholic.ac.kr.secureuserapp.service.RefreshTokenService.revokeToken(catholic.ac.kr.secureuserapp.model.entity.RefreshToken) | Thời gian: 0ms
2025-06-22 04:54:23 INFO  [http-nio-8080-exec-7] c.a.k.s.Aspect.LoggingAspect - ==> Bắt đầu gọi: public catholic.ac.kr.secureuserapp.model.dto.ApiResponse catholic.ac.kr.secureuserapp.service.RefreshTokenService.createRefreshToken(catholic.ac.kr.secureuserapp.model.entity.User)
2025-06-22 04:54:23 WARN  [http-nio-8080-exec-7] o.h.e.jdbc.spi.SqlExceptionHelper - SQL Error: 2627, SQLState: 23000
2025-06-22 04:54:23 ERROR [http-nio-8080-exec-7] o.h.e.jdbc.spi.SqlExceptionHelper - Violation of UNIQUE KEY constraint 'UKf95ixxe7pa48ryn1awmh2evt7'. Cannot insert duplicate key in object 'dbo.refresh_token'. The duplicate key value is (1).
2025-06-22 04:54:23 INFO  [http-nio-8080-exec-7] c.a.k.s.Aspect.LoggingAspect - <== Kết thúc: public org.springframework.http.ResponseEntity catholic.ac.kr.secureuserapp.controller.AuthController.refreshAccessToken(java.util.Map) | Thời gian: 77ms
2025-06-22 04:58:34 INFO  [SpringApplicationShutdownHook] o.s.b.w.e.tomcat.GracefulShutdown - Commencing graceful shutdown. Waiting for active requests to complete
2025-06-22 04:58:34 INFO  [tomcat-shutdown] o.s.b.w.e.tomcat.GracefulShutdown - Graceful shutdown complete
2025-06-22 04:58:34 INFO  [SpringApplicationShutdownHook] o.s.o.j.LocalContainerEntityManagerFactoryBean - Closing JPA EntityManagerFactory for persistence unit 'default'
2025-06-22 04:58:34 INFO  [SpringApplicationShutdownHook] com.zaxxer.hikari.HikariDataSource - HikariPool-1 - Shutdown initiated...
2025-06-22 04:58:34 INFO  [SpringApplicationShutdownHook] com.zaxxer.hikari.HikariDataSource - HikariPool-1 - Shutdown completed.
2025-06-22 04:58:38 INFO  [background-preinit] o.h.validator.internal.util.Version - HV000001: Hibernate Validator 8.0.2.Final
2025-06-22 04:58:38 INFO  [main] c.a.kr.secureuserapp.BookApplication - Starting BookApplication using Java 22.0.2 with PID 12644 (C:\Users\nvtuy\IdeaProjects\Book-Store\target\classes started by nvtuy in C:\Users\nvtuy\IdeaProjects\Book-Store)
2025-06-22 04:58:38 INFO  [main] c.a.kr.secureuserapp.BookApplication - No active profile set, falling back to 1 default profile: "default"
2025-06-22 04:58:39 INFO  [main] o.s.d.r.c.RepositoryConfigurationDelegate - Bootstrapping Spring Data JPA repositories in DEFAULT mode.
2025-06-22 04:58:39 INFO  [main] o.s.d.r.c.RepositoryConfigurationDelegate - Finished Spring Data repository scanning in 96 ms. Found 4 JPA repository interfaces.
2025-06-22 04:58:40 INFO  [main] o.s.b.w.e.tomcat.TomcatWebServer - Tomcat initialized with port 8080 (http)
2025-06-22 04:58:40 INFO  [main] o.a.coyote.http11.Http11NioProtocol - Initializing ProtocolHandler ["http-nio-8080"]
2025-06-22 04:58:40 INFO  [main] o.a.catalina.core.StandardService - Starting service [Tomcat]
2025-06-22 04:58:40 INFO  [main] o.a.catalina.core.StandardEngine - Starting Servlet engine: [Apache Tomcat/10.1.39]
2025-06-22 04:58:40 INFO  [main] o.a.c.c.C.[Tomcat].[localhost].[/] - Initializing Spring embedded WebApplicationContext
2025-06-22 04:58:40 INFO  [main] o.s.b.w.s.c.ServletWebServerApplicationContext - Root WebApplicationContext: initialization completed in 2134 ms
2025-06-22 04:58:41 INFO  [main] o.h.jpa.internal.util.LogHelper - HHH000204: Processing PersistenceUnitInfo [name: default]
2025-06-22 04:58:41 INFO  [main] org.hibernate.Version - HHH000412: Hibernate ORM core version 6.6.11.Final
2025-06-22 04:58:41 INFO  [main] o.h.c.i.RegionFactoryInitiator - HHH000026: Second-level cache disabled
2025-06-22 04:58:41 INFO  [main] o.s.o.j.p.SpringPersistenceUnitInfo - No LoadTimeWeaver setup: ignoring JPA class transformer
2025-06-22 04:58:41 INFO  [main] com.zaxxer.hikari.HikariDataSource - HikariPool-1 - Starting...
2025-06-22 04:58:42 INFO  [main] com.zaxxer.hikari.pool.HikariPool - HikariPool-1 - Added connection ConnectionID:1 ClientConnectionId: e6f6ce4b-80c2-45b2-bba5-e677d0f63485
2025-06-22 04:58:42 INFO  [main] com.zaxxer.hikari.HikariDataSource - HikariPool-1 - Start completed.
2025-06-22 04:58:42 INFO  [main] o.hibernate.orm.connections.pooling - HHH10001005: Database info:
	Database JDBC URL [Connecting through datasource 'HikariDataSource (HikariPool-1)']
	Database driver: undefined/unknown
	Database version: 16.0
	Autocommit mode: undefined/unknown
	Isolation level: undefined/unknown
	Minimum pool size: undefined/unknown
	Maximum pool size: undefined/unknown
2025-06-22 04:58:43 INFO  [main] o.h.e.t.j.p.i.JtaPlatformInitiator - HHH000489: No JTA platform available (set 'hibernate.transaction.jta.platform' to enable JTA platform integration)
2025-06-22 04:58:44 INFO  [main] o.s.o.j.LocalContainerEntityManagerFactoryBean - Initialized JPA EntityManagerFactory for persistence unit 'default'
2025-06-22 04:58:44 INFO  [main] o.s.d.j.r.query.QueryEnhancerFactory - Hibernate is in classpath; If applicable, HQL parser will be used.
2025-06-22 04:58:45 INFO  [main] o.s.s.c.a.a.c.InitializeAuthenticationProviderBeanManagerConfigurer$InitializeAuthenticationProviderManagerConfigurer - Global AuthenticationManager configured with AuthenticationProvider bean with name authenticationProvider
2025-06-22 04:58:45 WARN  [main] o.s.s.c.a.a.c.InitializeUserDetailsBeanManagerConfigurer$InitializeUserDetailsManagerConfigurer - Global AuthenticationManager configured with an AuthenticationProvider bean. UserDetailsService beans will not be used by Spring Security for automatically configuring username/password login. Consider removing the AuthenticationProvider bean. Alternatively, consider using the UserDetailsService in a manually instantiated DaoAuthenticationProvider. If the current configuration is intentional, to turn off this warning, increase the logging level of 'org.springframework.security.config.annotation.authentication.configuration.InitializeUserDetailsBeanManagerConfigurer' to ERROR
2025-06-22 04:58:46 WARN  [main] o.s.b.a.o.j.JpaBaseConfiguration$JpaWebConfiguration - spring.jpa.open-in-view is enabled by default. Therefore, database queries may be performed during view rendering. Explicitly configure spring.jpa.open-in-view to disable this warning
2025-06-22 04:58:47 INFO  [main] o.a.coyote.http11.Http11NioProtocol - Starting ProtocolHandler ["http-nio-8080"]
2025-06-22 04:58:47 INFO  [main] o.s.b.w.e.tomcat.TomcatWebServer - Tomcat started on port 8080 (http) with context path '/'
2025-06-22 04:58:47 INFO  [main] c.a.kr.secureuserapp.BookApplication - Started BookApplication in 9.134 seconds (process running for 10.058)
2025-06-22 04:58:56 INFO  [http-nio-8080-exec-2] o.a.c.c.C.[Tomcat].[localhost].[/] - Initializing Spring DispatcherServlet 'dispatcherServlet'
2025-06-22 04:58:56 INFO  [http-nio-8080-exec-2] o.s.web.servlet.DispatcherServlet - Initializing Servlet 'dispatcherServlet'
2025-06-22 04:58:56 INFO  [http-nio-8080-exec-2] o.s.web.servlet.DispatcherServlet - Completed initialization in 3 ms
2025-06-22 04:58:57 INFO  [http-nio-8080-exec-2] c.a.k.s.Aspect.LoggingAspect - ==> Bắt đầu gọi: public org.springframework.http.ResponseEntity catholic.ac.kr.secureuserapp.controller.AuthController.login(catholic.ac.kr.secureuserapp.model.dto.LoginRequest)
2025-06-22 04:58:57 INFO  [http-nio-8080-exec-2] c.a.k.s.Aspect.LoggingAspect - ==> Bắt đầu gọi: public catholic.ac.kr.secureuserapp.model.dto.ApiResponse catholic.ac.kr.secureuserapp.service.RefreshTokenService.createRefreshToken(catholic.ac.kr.secureuserapp.model.entity.User)
2025-06-22 04:58:57 INFO  [http-nio-8080-exec-2] c.a.k.s.Aspect.LoggingAspect - <== Kết thúc: public org.springframework.http.ResponseEntity catholic.ac.kr.secureuserapp.controller.AuthController.login(catholic.ac.kr.secureuserapp.model.dto.LoginRequest) | Thời gian: 799ms
2025-06-22 04:59:21 INFO  [http-nio-8080-exec-3] c.a.k.s.Aspect.LoggingAspect - ==> Bắt đầu gọi: public org.springframework.http.ResponseEntity catholic.ac.kr.secureuserapp.controller.AuthController.logout(catholic.ac.kr.secureuserapp.model.dto.LogoutRequest)
2025-06-22 04:59:21 INFO  [http-nio-8080-exec-3] c.a.k.s.Aspect.LoggingAspect - <== Kết thúc: public org.springframework.http.ResponseEntity catholic.ac.kr.secureuserapp.controller.AuthController.logout(catholic.ac.kr.secureuserapp.model.dto.LogoutRequest) | Thời gian: 138ms
2025-06-22 04:59:25 INFO  [http-nio-8080-exec-5] c.a.k.s.Aspect.LoggingAspect - ==> Bắt đầu gọi: public org.springframework.http.ResponseEntity catholic.ac.kr.secureuserapp.controller.AuthController.login(catholic.ac.kr.secureuserapp.model.dto.LoginRequest)
2025-06-22 04:59:25 INFO  [http-nio-8080-exec-5] c.a.k.s.Aspect.LoggingAspect - ==> Bắt đầu gọi: public catholic.ac.kr.secureuserapp.model.dto.ApiResponse catholic.ac.kr.secureuserapp.service.RefreshTokenService.createRefreshToken(catholic.ac.kr.secureuserapp.model.entity.User)
2025-06-22 04:59:25 INFO  [http-nio-8080-exec-5] c.a.k.s.Aspect.LoggingAspect - <== Kết thúc: public catholic.ac.kr.secureuserapp.model.dto.ApiResponse catholic.ac.kr.secureuserapp.service.RefreshTokenService.createRefreshToken(catholic.ac.kr.secureuserapp.model.entity.User) | Thời gian: 100ms
2025-06-22 04:59:25 INFO  [http-nio-8080-exec-5] c.a.k.s.Aspect.LoggingAspect - <== Kết thúc: public org.springframework.http.ResponseEntity catholic.ac.kr.secureuserapp.controller.AuthController.login(catholic.ac.kr.secureuserapp.model.dto.LoginRequest) | Thời gian: 313ms
2025-06-22 04:59:37 INFO  [http-nio-8080-exec-4] c.a.k.s.Aspect.LoggingAspect - ==> Bắt đầu gọi: public org.springframework.http.ResponseEntity catholic.ac.kr.secureuserapp.controller.AuthController.refreshAccessToken(java.util.Map)
2025-06-22 04:59:37 INFO  [http-nio-8080-exec-4] c.a.k.s.Aspect.LoggingAspect - ==> Bắt đầu gọi: public boolean catholic.ac.kr.secureuserapp.service.RefreshTokenService.isValid(catholic.ac.kr.secureuserapp.model.entity.RefreshToken)
2025-06-22 04:59:37 INFO  [http-nio-8080-exec-4] c.a.k.s.Aspect.LoggingAspect - <== Kết thúc: public boolean catholic.ac.kr.secureuserapp.service.RefreshTokenService.isValid(catholic.ac.kr.secureuserapp.model.entity.RefreshToken) | Thời gian: 0ms
2025-06-22 04:59:37 INFO  [http-nio-8080-exec-4] c.a.k.s.Aspect.LoggingAspect - ==> Bắt đầu gọi: public void catholic.ac.kr.secureuserapp.service.RefreshTokenService.revokeToken(catholic.ac.kr.secureuserapp.model.entity.RefreshToken)
2025-06-22 04:59:37 INFO  [http-nio-8080-exec-4] c.a.k.s.Aspect.LoggingAspect - <== Kết thúc: public void catholic.ac.kr.secureuserapp.service.RefreshTokenService.revokeToken(catholic.ac.kr.secureuserapp.model.entity.RefreshToken) | Thời gian: 3ms
2025-06-22 04:59:37 INFO  [http-nio-8080-exec-4] c.a.k.s.Aspect.LoggingAspect - ==> Bắt đầu gọi: public catholic.ac.kr.secureuserapp.model.dto.ApiResponse catholic.ac.kr.secureuserapp.service.RefreshTokenService.createRefreshToken(catholic.ac.kr.secureuserapp.model.entity.User)
2025-06-22 04:59:37 INFO  [http-nio-8080-exec-4] c.a.k.s.Aspect.LoggingAspect - <== Kết thúc: public org.springframework.http.ResponseEntity catholic.ac.kr.secureuserapp.controller.AuthController.refreshAccessToken(java.util.Map) | Thời gian: 50ms
2025-06-22 05:01:37 INFO  [SpringApplicationShutdownHook] o.s.b.w.e.tomcat.GracefulShutdown - Commencing graceful shutdown. Waiting for active requests to complete
2025-06-22 05:01:38 INFO  [tomcat-shutdown] o.s.b.w.e.tomcat.GracefulShutdown - Graceful shutdown complete
2025-06-22 05:01:38 INFO  [SpringApplicationShutdownHook] o.s.o.j.LocalContainerEntityManagerFactoryBean - Closing JPA EntityManagerFactory for persistence unit 'default'
2025-06-22 05:01:38 INFO  [SpringApplicationShutdownHook] com.zaxxer.hikari.HikariDataSource - HikariPool-1 - Shutdown initiated...
2025-06-22 05:01:38 INFO  [SpringApplicationShutdownHook] com.zaxxer.hikari.HikariDataSource - HikariPool-1 - Shutdown completed.
2025-06-22 05:01:43 INFO  [background-preinit] o.h.validator.internal.util.Version - HV000001: Hibernate Validator 8.0.2.Final
2025-06-22 05:01:43 INFO  [main] c.a.kr.secureuserapp.BookApplication - Starting BookApplication using Java 22.0.2 with PID 13680 (C:\Users\nvtuy\IdeaProjects\Book-Store\target\classes started by nvtuy in C:\Users\nvtuy\IdeaProjects\Book-Store)
2025-06-22 05:01:43 INFO  [main] c.a.kr.secureuserapp.BookApplication - No active profile set, falling back to 1 default profile: "default"
2025-06-22 05:01:44 INFO  [main] o.s.d.r.c.RepositoryConfigurationDelegate - Bootstrapping Spring Data JPA repositories in DEFAULT mode.
2025-06-22 05:01:44 INFO  [main] o.s.d.r.c.RepositoryConfigurationDelegate - Finished Spring Data repository scanning in 107 ms. Found 4 JPA repository interfaces.
2025-06-22 05:01:45 INFO  [main] o.s.b.w.e.tomcat.TomcatWebServer - Tomcat initialized with port 8080 (http)
2025-06-22 05:01:45 INFO  [main] o.a.coyote.http11.Http11NioProtocol - Initializing ProtocolHandler ["http-nio-8080"]
2025-06-22 05:01:45 INFO  [main] o.a.catalina.core.StandardService - Starting service [Tomcat]
2025-06-22 05:01:45 INFO  [main] o.a.catalina.core.StandardEngine - Starting Servlet engine: [Apache Tomcat/10.1.39]
2025-06-22 05:01:45 INFO  [main] o.a.c.c.C.[Tomcat].[localhost].[/] - Initializing Spring embedded WebApplicationContext
2025-06-22 05:01:45 INFO  [main] o.s.b.w.s.c.ServletWebServerApplicationContext - Root WebApplicationContext: initialization completed in 2160 ms
2025-06-22 05:01:45 INFO  [main] o.h.jpa.internal.util.LogHelper - HHH000204: Processing PersistenceUnitInfo [name: default]
2025-06-22 05:01:45 INFO  [main] org.hibernate.Version - HHH000412: Hibernate ORM core version 6.6.11.Final
2025-06-22 05:01:45 INFO  [main] o.h.c.i.RegionFactoryInitiator - HHH000026: Second-level cache disabled
2025-06-22 05:01:46 INFO  [main] o.s.o.j.p.SpringPersistenceUnitInfo - No LoadTimeWeaver setup: ignoring JPA class transformer
2025-06-22 05:01:46 INFO  [main] com.zaxxer.hikari.HikariDataSource - HikariPool-1 - Starting...
2025-06-22 05:01:46 INFO  [main] com.zaxxer.hikari.pool.HikariPool - HikariPool-1 - Added connection ConnectionID:1 ClientConnectionId: 34a8bf1e-3220-452e-aec4-98e11957d1eb
2025-06-22 05:01:46 INFO  [main] com.zaxxer.hikari.HikariDataSource - HikariPool-1 - Start completed.
2025-06-22 05:01:46 INFO  [main] o.hibernate.orm.connections.pooling - HHH10001005: Database info:
	Database JDBC URL [Connecting through datasource 'HikariDataSource (HikariPool-1)']
	Database driver: undefined/unknown
	Database version: 16.0
	Autocommit mode: undefined/unknown
	Isolation level: undefined/unknown
	Minimum pool size: undefined/unknown
	Maximum pool size: undefined/unknown
2025-06-22 05:01:48 INFO  [main] o.h.e.t.j.p.i.JtaPlatformInitiator - HHH000489: No JTA platform available (set 'hibernate.transaction.jta.platform' to enable JTA platform integration)
2025-06-22 05:01:48 INFO  [main] o.s.o.j.LocalContainerEntityManagerFactoryBean - Initialized JPA EntityManagerFactory for persistence unit 'default'
2025-06-22 05:01:49 INFO  [main] o.s.d.j.r.query.QueryEnhancerFactory - Hibernate is in classpath; If applicable, HQL parser will be used.
2025-06-22 05:01:50 INFO  [main] o.s.s.c.a.a.c.InitializeAuthenticationProviderBeanManagerConfigurer$InitializeAuthenticationProviderManagerConfigurer - Global AuthenticationManager configured with AuthenticationProvider bean with name authenticationProvider
2025-06-22 05:01:50 WARN  [main] o.s.s.c.a.a.c.InitializeUserDetailsBeanManagerConfigurer$InitializeUserDetailsManagerConfigurer - Global AuthenticationManager configured with an AuthenticationProvider bean. UserDetailsService beans will not be used by Spring Security for automatically configuring username/password login. Consider removing the AuthenticationProvider bean. Alternatively, consider using the UserDetailsService in a manually instantiated DaoAuthenticationProvider. If the current configuration is intentional, to turn off this warning, increase the logging level of 'org.springframework.security.config.annotation.authentication.configuration.InitializeUserDetailsBeanManagerConfigurer' to ERROR
2025-06-22 05:01:50 WARN  [main] o.s.b.a.o.j.JpaBaseConfiguration$JpaWebConfiguration - spring.jpa.open-in-view is enabled by default. Therefore, database queries may be performed during view rendering. Explicitly configure spring.jpa.open-in-view to disable this warning
2025-06-22 05:01:51 INFO  [main] o.a.coyote.http11.Http11NioProtocol - Starting ProtocolHandler ["http-nio-8080"]
2025-06-22 05:01:51 INFO  [main] o.s.b.w.e.tomcat.TomcatWebServer - Tomcat started on port 8080 (http) with context path '/'
2025-06-22 05:01:51 INFO  [main] c.a.kr.secureuserapp.BookApplication - Started BookApplication in 9.453 seconds (process running for 10.403)
2025-06-22 05:01:55 INFO  [http-nio-8080-exec-2] o.a.c.c.C.[Tomcat].[localhost].[/] - Initializing Spring DispatcherServlet 'dispatcherServlet'
2025-06-22 05:01:55 INFO  [http-nio-8080-exec-2] o.s.web.servlet.DispatcherServlet - Initializing Servlet 'dispatcherServlet'
2025-06-22 05:01:55 INFO  [http-nio-8080-exec-2] o.s.web.servlet.DispatcherServlet - Completed initialization in 1 ms
2025-06-22 05:01:55 INFO  [http-nio-8080-exec-2] c.a.k.s.Aspect.LoggingAspect - ==> Bắt đầu gọi: public org.springframework.http.ResponseEntity catholic.ac.kr.secureuserapp.controller.AuthController.refreshAccessToken(java.util.Map)
2025-06-22 05:01:56 INFO  [http-nio-8080-exec-2] c.a.k.s.Aspect.LoggingAspect - ==> Bắt đầu gọi: public boolean catholic.ac.kr.secureuserapp.service.RefreshTokenService.isValid(catholic.ac.kr.secureuserapp.model.entity.RefreshToken)
2025-06-22 05:01:56 INFO  [http-nio-8080-exec-2] c.a.k.s.Aspect.LoggingAspect - <== Kết thúc: public boolean catholic.ac.kr.secureuserapp.service.RefreshTokenService.isValid(catholic.ac.kr.secureuserapp.model.entity.RefreshToken) | Thời gian: 1ms
2025-06-22 05:01:56 INFO  [http-nio-8080-exec-2] c.a.k.s.Aspect.LoggingAspect - <== Kết thúc: public org.springframework.http.ResponseEntity catholic.ac.kr.secureuserapp.controller.AuthController.refreshAccessToken(java.util.Map) | Thời gian: 216ms
2025-06-22 05:02:07 INFO  [http-nio-8080-exec-3] c.a.k.s.Aspect.LoggingAspect - ==> Bắt đầu gọi: public org.springframework.http.ResponseEntity catholic.ac.kr.secureuserapp.controller.AuthController.login(catholic.ac.kr.secureuserapp.model.dto.LoginRequest)
2025-06-22 05:02:07 INFO  [http-nio-8080-exec-3] c.a.k.s.Aspect.LoggingAspect - ==> Bắt đầu gọi: public catholic.ac.kr.secureuserapp.model.dto.ApiResponse catholic.ac.kr.secureuserapp.service.RefreshTokenService.createRefreshToken(catholic.ac.kr.secureuserapp.model.entity.User)
2025-06-22 05:02:08 INFO  [http-nio-8080-exec-3] c.a.k.s.Aspect.LoggingAspect - <== Kết thúc: public catholic.ac.kr.secureuserapp.model.dto.ApiResponse catholic.ac.kr.secureuserapp.service.RefreshTokenService.createRefreshToken(catholic.ac.kr.secureuserapp.model.entity.User) | Thời gian: 167ms
2025-06-22 05:02:08 INFO  [http-nio-8080-exec-3] c.a.k.s.Aspect.LoggingAspect - <== Kết thúc: public org.springframework.http.ResponseEntity catholic.ac.kr.secureuserapp.controller.AuthController.login(catholic.ac.kr.secureuserapp.model.dto.LoginRequest) | Thời gian: 618ms
2025-06-22 05:02:26 INFO  [http-nio-8080-exec-6] c.a.k.s.Aspect.LoggingAspect - ==> Bắt đầu gọi: public org.springframework.http.ResponseEntity catholic.ac.kr.secureuserapp.controller.AuthController.refreshAccessToken(java.util.Map)
2025-06-22 05:02:26 INFO  [http-nio-8080-exec-6] c.a.k.s.Aspect.LoggingAspect - ==> Bắt đầu gọi: public boolean catholic.ac.kr.secureuserapp.service.RefreshTokenService.isValid(catholic.ac.kr.secureuserapp.model.entity.RefreshToken)
2025-06-22 05:02:26 INFO  [http-nio-8080-exec-6] c.a.k.s.Aspect.LoggingAspect - <== Kết thúc: public boolean catholic.ac.kr.secureuserapp.service.RefreshTokenService.isValid(catholic.ac.kr.secureuserapp.model.entity.RefreshToken) | Thời gian: 0ms
2025-06-22 05:02:26 INFO  [http-nio-8080-exec-6] c.a.k.s.Aspect.LoggingAspect - ==> Bắt đầu gọi: public void catholic.ac.kr.secureuserapp.service.RefreshTokenService.revokeToken(catholic.ac.kr.secureuserapp.model.entity.RefreshToken)
2025-06-22 05:02:26 INFO  [http-nio-8080-exec-6] c.a.k.s.Aspect.LoggingAspect - <== Kết thúc: public void catholic.ac.kr.secureuserapp.service.RefreshTokenService.revokeToken(catholic.ac.kr.secureuserapp.model.entity.RefreshToken) | Thời gian: 8ms
2025-06-22 05:02:26 INFO  [http-nio-8080-exec-6] c.a.k.s.Aspect.LoggingAspect - ==> Bắt đầu gọi: public catholic.ac.kr.secureuserapp.model.dto.ApiResponse catholic.ac.kr.secureuserapp.service.RefreshTokenService.createRefreshToken(catholic.ac.kr.secureuserapp.model.entity.User)
2025-06-22 05:02:26 INFO  [http-nio-8080-exec-6] c.a.k.s.Aspect.LoggingAspect - <== Kết thúc: public catholic.ac.kr.secureuserapp.model.dto.ApiResponse catholic.ac.kr.secureuserapp.service.RefreshTokenService.createRefreshToken(catholic.ac.kr.secureuserapp.model.entity.User) | Thời gian: 24ms
2025-06-22 05:02:26 INFO  [http-nio-8080-exec-6] c.a.k.s.Aspect.LoggingAspect - <== Kết thúc: public org.springframework.http.ResponseEntity catholic.ac.kr.secureuserapp.controller.AuthController.refreshAccessToken(java.util.Map) | Thời gian: 102ms
2025-06-22 05:02:43 INFO  [http-nio-8080-exec-8] c.a.k.s.Aspect.LoggingAspect - ==> Bắt đầu gọi: public org.springframework.http.ResponseEntity catholic.ac.kr.secureuserapp.controller.AuthController.refreshAccessToken(java.util.Map)
2025-06-22 05:02:43 INFO  [http-nio-8080-exec-8] c.a.k.s.Aspect.LoggingAspect - <== Kết thúc: public org.springframework.http.ResponseEntity catholic.ac.kr.secureuserapp.controller.AuthController.refreshAccessToken(java.util.Map) | Thời gian: 14ms
2025-06-22 05:03:17 INFO  [http-nio-8080-exec-4] c.a.k.s.Aspect.LoggingAspect - ==> Bắt đầu gọi: public org.springframework.http.ResponseEntity catholic.ac.kr.secureuserapp.controller.AuthController.refreshAccessToken(java.util.Map)
2025-06-22 05:03:17 INFO  [http-nio-8080-exec-4] c.a.k.s.Aspect.LoggingAspect - ==> Bắt đầu gọi: public boolean catholic.ac.kr.secureuserapp.service.RefreshTokenService.isValid(catholic.ac.kr.secureuserapp.model.entity.RefreshToken)
2025-06-22 05:03:17 INFO  [http-nio-8080-exec-4] c.a.k.s.Aspect.LoggingAspect - <== Kết thúc: public boolean catholic.ac.kr.secureuserapp.service.RefreshTokenService.isValid(catholic.ac.kr.secureuserapp.model.entity.RefreshToken) | Thời gian: 0ms
2025-06-22 05:03:17 INFO  [http-nio-8080-exec-4] c.a.k.s.Aspect.LoggingAspect - ==> Bắt đầu gọi: public void catholic.ac.kr.secureuserapp.service.RefreshTokenService.revokeToken(catholic.ac.kr.secureuserapp.model.entity.RefreshToken)
2025-06-22 05:03:17 INFO  [http-nio-8080-exec-4] c.a.k.s.Aspect.LoggingAspect - <== Kết thúc: public void catholic.ac.kr.secureuserapp.service.RefreshTokenService.revokeToken(catholic.ac.kr.secureuserapp.model.entity.RefreshToken) | Thời gian: 2ms
2025-06-22 05:03:17 INFO  [http-nio-8080-exec-4] c.a.k.s.Aspect.LoggingAspect - ==> Bắt đầu gọi: public catholic.ac.kr.secureuserapp.model.dto.ApiResponse catholic.ac.kr.secureuserapp.service.RefreshTokenService.createRefreshToken(catholic.ac.kr.secureuserapp.model.entity.User)
2025-06-22 05:03:17 INFO  [http-nio-8080-exec-4] c.a.k.s.Aspect.LoggingAspect - <== Kết thúc: public catholic.ac.kr.secureuserapp.model.dto.ApiResponse catholic.ac.kr.secureuserapp.service.RefreshTokenService.createRefreshToken(catholic.ac.kr.secureuserapp.model.entity.User) | Thời gian: 35ms
2025-06-22 05:03:17 INFO  [http-nio-8080-exec-4] c.a.k.s.Aspect.LoggingAspect - <== Kết thúc: public org.springframework.http.ResponseEntity catholic.ac.kr.secureuserapp.controller.AuthController.refreshAccessToken(java.util.Map) | Thời gian: 86ms
2025-06-22 05:03:29 INFO  [http-nio-8080-exec-7] c.a.k.s.Aspect.LoggingAspect - ==> Bắt đầu gọi: public org.springframework.http.ResponseEntity catholic.ac.kr.secureuserapp.controller.AuthController.refreshAccessToken(java.util.Map)
2025-06-22 05:03:29 INFO  [http-nio-8080-exec-7] c.a.k.s.Aspect.LoggingAspect - ==> Bắt đầu gọi: public boolean catholic.ac.kr.secureuserapp.service.RefreshTokenService.isValid(catholic.ac.kr.secureuserapp.model.entity.RefreshToken)
2025-06-22 05:03:29 INFO  [http-nio-8080-exec-7] c.a.k.s.Aspect.LoggingAspect - <== Kết thúc: public boolean catholic.ac.kr.secureuserapp.service.RefreshTokenService.isValid(catholic.ac.kr.secureuserapp.model.entity.RefreshToken) | Thời gian: 0ms
2025-06-22 05:03:29 INFO  [http-nio-8080-exec-7] c.a.k.s.Aspect.LoggingAspect - ==> Bắt đầu gọi: public void catholic.ac.kr.secureuserapp.service.RefreshTokenService.revokeToken(catholic.ac.kr.secureuserapp.model.entity.RefreshToken)
2025-06-22 05:03:29 INFO  [http-nio-8080-exec-7] c.a.k.s.Aspect.LoggingAspect - <== Kết thúc: public void catholic.ac.kr.secureuserapp.service.RefreshTokenService.revokeToken(catholic.ac.kr.secureuserapp.model.entity.RefreshToken) | Thời gian: 0ms
2025-06-22 05:03:29 INFO  [http-nio-8080-exec-7] c.a.k.s.Aspect.LoggingAspect - ==> Bắt đầu gọi: public catholic.ac.kr.secureuserapp.model.dto.ApiResponse catholic.ac.kr.secureuserapp.service.RefreshTokenService.createRefreshToken(catholic.ac.kr.secureuserapp.model.entity.User)
2025-06-22 05:03:29 INFO  [http-nio-8080-exec-7] c.a.k.s.Aspect.LoggingAspect - <== Kết thúc: public catholic.ac.kr.secureuserapp.model.dto.ApiResponse catholic.ac.kr.secureuserapp.service.RefreshTokenService.createRefreshToken(catholic.ac.kr.secureuserapp.model.entity.User) | Thời gian: 20ms
2025-06-22 05:03:29 INFO  [http-nio-8080-exec-7] c.a.k.s.Aspect.LoggingAspect - <== Kết thúc: public org.springframework.http.ResponseEntity catholic.ac.kr.secureuserapp.controller.AuthController.refreshAccessToken(java.util.Map) | Thời gian: 52ms
2025-06-22 05:03:44 INFO  [http-nio-8080-exec-5] c.a.k.s.Aspect.LoggingAspect - ==> Bắt đầu gọi: public org.springframework.http.ResponseEntity catholic.ac.kr.secureuserapp.controller.AuthController.refreshAccessToken(java.util.Map)
2025-06-22 05:03:44 INFO  [http-nio-8080-exec-5] c.a.k.s.Aspect.LoggingAspect - ==> Bắt đầu gọi: public boolean catholic.ac.kr.secureuserapp.service.RefreshTokenService.isValid(catholic.ac.kr.secureuserapp.model.entity.RefreshToken)
2025-06-22 05:03:44 INFO  [http-nio-8080-exec-5] c.a.k.s.Aspect.LoggingAspect - <== Kết thúc: public boolean catholic.ac.kr.secureuserapp.service.RefreshTokenService.isValid(catholic.ac.kr.secureuserapp.model.entity.RefreshToken) | Thời gian: 0ms
2025-06-22 05:03:44 INFO  [http-nio-8080-exec-5] c.a.k.s.Aspect.LoggingAspect - ==> Bắt đầu gọi: public void catholic.ac.kr.secureuserapp.service.RefreshTokenService.revokeToken(catholic.ac.kr.secureuserapp.model.entity.RefreshToken)
2025-06-22 05:03:44 INFO  [http-nio-8080-exec-5] c.a.k.s.Aspect.LoggingAspect - <== Kết thúc: public void catholic.ac.kr.secureuserapp.service.RefreshTokenService.revokeToken(catholic.ac.kr.secureuserapp.model.entity.RefreshToken) | Thời gian: 0ms
2025-06-22 05:03:44 INFO  [http-nio-8080-exec-5] c.a.k.s.Aspect.LoggingAspect - ==> Bắt đầu gọi: public catholic.ac.kr.secureuserapp.model.dto.ApiResponse catholic.ac.kr.secureuserapp.service.RefreshTokenService.createRefreshToken(catholic.ac.kr.secureuserapp.model.entity.User)
2025-06-22 05:03:44 INFO  [http-nio-8080-exec-5] c.a.k.s.Aspect.LoggingAspect - <== Kết thúc: public catholic.ac.kr.secureuserapp.model.dto.ApiResponse catholic.ac.kr.secureuserapp.service.RefreshTokenService.createRefreshToken(catholic.ac.kr.secureuserapp.model.entity.User) | Thời gian: 22ms
2025-06-22 05:03:44 INFO  [http-nio-8080-exec-5] c.a.k.s.Aspect.LoggingAspect - <== Kết thúc: public org.springframework.http.ResponseEntity catholic.ac.kr.secureuserapp.controller.AuthController.refreshAccessToken(java.util.Map) | Thời gian: 71ms
2025-06-22 05:03:55 INFO  [http-nio-8080-exec-9] c.a.k.s.Aspect.LoggingAspect - ==> Bắt đầu gọi: public org.springframework.http.ResponseEntity catholic.ac.kr.secureuserapp.controller.UserController.getAllUsers()
2025-06-22 05:03:55 INFO  [http-nio-8080-exec-9] c.a.k.s.Aspect.LoggingAspect - ==> Bắt đầu gọi: public catholic.ac.kr.secureuserapp.model.dto.ApiResponse catholic.ac.kr.secureuserapp.service.UserService.findAllUsers()
2025-06-22 05:03:55 INFO  [http-nio-8080-exec-9] c.a.k.s.Aspect.LoggingAspect - <== Kết thúc: public catholic.ac.kr.secureuserapp.model.dto.ApiResponse catholic.ac.kr.secureuserapp.service.UserService.findAllUsers() | Thời gian: 21ms
2025-06-22 05:03:55 INFO  [http-nio-8080-exec-9] c.a.k.s.Aspect.LoggingAspect - <== Kết thúc: public org.springframework.http.ResponseEntity catholic.ac.kr.secureuserapp.controller.UserController.getAllUsers() | Thời gian: 77ms
2025-06-22 05:04:20 INFO  [http-nio-8080-exec-10] c.a.k.s.Aspect.LoggingAspect - ==> Bắt đầu gọi: public org.springframework.http.ResponseEntity catholic.ac.kr.secureuserapp.controller.AuthController.signup(catholic.ac.kr.secureuserapp.model.dto.SignupRequest)
2025-06-22 05:04:20 INFO  [http-nio-8080-exec-10] c.a.k.s.Aspect.LoggingAspect - ==> SignupRequest: loverain2000@gmail.com
2025-06-22 05:04:20 INFO  [http-nio-8080-exec-10] c.a.k.s.service.auth.AuthService - Username: loverain2000@gmail.com 
2025-06-22 05:04:20 INFO  [http-nio-8080-exec-10] c.a.k.s.service.auth.AuthService - Encoded Password: $2a$10$u0geiYyfBL10Funv03GjNOFFJF8z7io5NoEP8HeMOojBK.saxvPJy
2025-06-22 05:04:31 INFO  [http-nio-8080-exec-1] c.a.k.s.Aspect.LoggingAspect - ==> Bắt đầu gọi: public org.springframework.http.ResponseEntity catholic.ac.kr.secureuserapp.controller.AuthController.signup(catholic.ac.kr.secureuserapp.model.dto.SignupRequest)
2025-06-22 05:04:31 INFO  [http-nio-8080-exec-1] c.a.k.s.Aspect.LoggingAspect - ==> SignupRequest: loverain2001@gmail.com
2025-06-22 05:04:31 INFO  [http-nio-8080-exec-1] c.a.k.s.service.auth.AuthService - Username: loverain2001@gmail.com 
2025-06-22 05:04:31 INFO  [http-nio-8080-exec-1] c.a.k.s.service.auth.AuthService - Encoded Password: $2a$10$LZU95m0ZqS23bt4eWlcYjOIqY6ckmzUYT2sMS2kaTHt4TB3qqFx7a
2025-06-22 05:04:31 INFO  [http-nio-8080-exec-1] c.a.k.s.Aspect.LoggingAspect - ==> Bắt đầu gọi: public void catholic.ac.kr.secureuserapp.service.EmailService.sendSimpleMail(java.lang.String,java.lang.String,java.lang.String)
2025-06-22 05:04:37 INFO  [http-nio-8080-exec-1] c.a.k.s.Aspect.LoggingAspect - <== Kết thúc: public void catholic.ac.kr.secureuserapp.service.EmailService.sendSimpleMail(java.lang.String,java.lang.String,java.lang.String) | Thời gian: 5793ms
2025-06-22 05:04:37 INFO  [http-nio-8080-exec-1] c.a.k.s.Aspect.LoggingAspect - <== Kết thúc: public org.springframework.http.ResponseEntity catholic.ac.kr.secureuserapp.controller.AuthController.signup(catholic.ac.kr.secureuserapp.model.dto.SignupRequest) | Thời gian: 6100ms
2025-06-22 05:04:40 INFO  [http-nio-8080-exec-2] c.a.k.s.Aspect.LoggingAspect - ==> Bắt đầu gọi: public org.springframework.http.ResponseEntity catholic.ac.kr.secureuserapp.controller.AuthController.signup(catholic.ac.kr.secureuserapp.model.dto.SignupRequest)
2025-06-22 05:04:40 INFO  [http-nio-8080-exec-2] c.a.k.s.Aspect.LoggingAspect - ==> SignupRequest: loverain2001@gmail.com
2025-06-22 05:04:40 INFO  [http-nio-8080-exec-2] c.a.k.s.service.auth.AuthService - Username: loverain2001@gmail.com 
2025-06-22 05:04:40 INFO  [http-nio-8080-exec-2] c.a.k.s.service.auth.AuthService - Encoded Password: $2a$10$WAc07yHVaKBr02.RIT.rAezb/3vuINRkdqL5JEPtAjpxV02kbDn9S
2025-06-22 05:05:02 INFO  [http-nio-8080-exec-3] c.a.k.s.Aspect.LoggingAspect - ==> Bắt đầu gọi: public org.springframework.http.ResponseEntity catholic.ac.kr.secureuserapp.controller.AuthController.verifyEmail(java.lang.String)
2025-06-22 05:05:02 INFO  [http-nio-8080-exec-3] c.a.k.s.Aspect.LoggingAspect - <== Kết thúc: public org.springframework.http.ResponseEntity catholic.ac.kr.secureuserapp.controller.AuthController.verifyEmail(java.lang.String) | Thời gian: 52ms
2025-06-22 05:06:39 INFO  [http-nio-8080-exec-10] c.a.k.s.Aspect.LoggingAspect - ==> Bắt đầu gọi: public org.springframework.http.ResponseEntity catholic.ac.kr.secureuserapp.controller.AuthController.login(catholic.ac.kr.secureuserapp.model.dto.LoginRequest)
2025-06-22 05:06:39 INFO  [http-nio-8080-exec-10] c.a.k.s.Aspect.LoggingAspect - ==> Bắt đầu gọi: public catholic.ac.kr.secureuserapp.model.dto.ApiResponse catholic.ac.kr.secureuserapp.service.RefreshTokenService.createRefreshToken(catholic.ac.kr.secureuserapp.model.entity.User)
2025-06-22 05:06:39 INFO  [http-nio-8080-exec-10] c.a.k.s.Aspect.LoggingAspect - <== Kết thúc: public catholic.ac.kr.secureuserapp.model.dto.ApiResponse catholic.ac.kr.secureuserapp.service.RefreshTokenService.createRefreshToken(catholic.ac.kr.secureuserapp.model.entity.User) | Thời gian: 49ms
2025-06-22 05:06:39 INFO  [http-nio-8080-exec-10] c.a.k.s.Aspect.LoggingAspect - <== Kết thúc: public org.springframework.http.ResponseEntity catholic.ac.kr.secureuserapp.controller.AuthController.login(catholic.ac.kr.secureuserapp.model.dto.LoginRequest) | Thời gian: 275ms
2025-06-22 05:07:45 INFO  [http-nio-8080-exec-7] c.a.k.s.Aspect.LoggingAspect - ==> Bắt đầu gọi: public org.springframework.http.ResponseEntity catholic.ac.kr.secureuserapp.controller.AuthController.login(catholic.ac.kr.secureuserapp.model.dto.LoginRequest)
2025-06-22 05:07:45 INFO  [http-nio-8080-exec-7] c.a.k.s.Aspect.LoggingAspect - ==> Bắt đầu gọi: public catholic.ac.kr.secureuserapp.model.dto.ApiResponse catholic.ac.kr.secureuserapp.service.RefreshTokenService.createRefreshToken(catholic.ac.kr.secureuserapp.model.entity.User)
2025-06-22 05:07:45 INFO  [http-nio-8080-exec-7] c.a.k.s.Aspect.LoggingAspect - <== Kết thúc: public catholic.ac.kr.secureuserapp.model.dto.ApiResponse catholic.ac.kr.secureuserapp.service.RefreshTokenService.createRefreshToken(catholic.ac.kr.secureuserapp.model.entity.User) | Thời gian: 50ms
2025-06-22 05:07:45 INFO  [http-nio-8080-exec-7] c.a.k.s.Aspect.LoggingAspect - <== Kết thúc: public org.springframework.http.ResponseEntity catholic.ac.kr.secureuserapp.controller.AuthController.login(catholic.ac.kr.secureuserapp.model.dto.LoginRequest) | Thời gian: 257ms
2025-06-22 05:07:59 INFO  [SpringApplicationShutdownHook] o.s.b.w.e.tomcat.GracefulShutdown - Commencing graceful shutdown. Waiting for active requests to complete
2025-06-22 05:07:59 INFO  [tomcat-shutdown] o.s.b.w.e.tomcat.GracefulShutdown - Graceful shutdown complete
2025-06-22 05:07:59 INFO  [SpringApplicationShutdownHook] o.s.o.j.LocalContainerEntityManagerFactoryBean - Closing JPA EntityManagerFactory for persistence unit 'default'
2025-06-22 05:07:59 INFO  [SpringApplicationShutdownHook] com.zaxxer.hikari.HikariDataSource - HikariPool-1 - Shutdown initiated...
2025-06-22 05:07:59 INFO  [SpringApplicationShutdownHook] com.zaxxer.hikari.HikariDataSource - HikariPool-1 - Shutdown completed.
