2025-06-21 05:13:06 INFO  [background-preinit] o.h.validator.internal.util.Version - HV000001: Hibernate Validator 8.0.2.Final
2025-06-21 05:13:06 INFO  [main] c.a.kr.secureuserapp.BookApplication - Starting BookApplication using Java 22.0.2 with PID 14348 (C:\Users\nvtuy\IdeaProjects\Book-Store\target\classes started by nvtuy in C:\Users\nvtuy\IdeaProjects\Book-Store)
2025-06-21 05:13:06 INFO  [main] c.a.kr.secureuserapp.BookApplication - No active profile set, falling back to 1 default profile: "default"
2025-06-21 05:13:07 INFO  [main] o.s.d.r.c.RepositoryConfigurationDelegate - Bootstrapping Spring Data JPA repositories in DEFAULT mode.
2025-06-21 05:13:07 INFO  [main] o.s.d.r.c.RepositoryConfigurationDelegate - Finished Spring Data repository scanning in 104 ms. Found 4 JPA repository interfaces.
2025-06-21 05:13:08 INFO  [main] o.s.b.w.e.tomcat.TomcatWebServer - Tomcat initialized with port 8080 (http)
2025-06-21 05:13:08 INFO  [main] o.a.coyote.http11.Http11NioProtocol - Initializing ProtocolHandler ["http-nio-8080"]
2025-06-21 05:13:08 INFO  [main] o.a.catalina.core.StandardService - Starting service [Tomcat]
2025-06-21 05:13:08 INFO  [main] o.a.catalina.core.StandardEngine - Starting Servlet engine: [Apache Tomcat/10.1.39]
2025-06-21 05:13:08 INFO  [main] o.a.c.c.C.[Tomcat].[localhost].[/] - Initializing Spring embedded WebApplicationContext
2025-06-21 05:13:08 INFO  [main] o.s.b.w.s.c.ServletWebServerApplicationContext - Root WebApplicationContext: initialization completed in 1943 ms
2025-06-21 05:13:08 INFO  [main] o.h.jpa.internal.util.LogHelper - HHH000204: Processing PersistenceUnitInfo [name: default]
2025-06-21 05:13:08 INFO  [main] org.hibernate.Version - HHH000412: Hibernate ORM core version 6.6.11.Final
2025-06-21 05:13:08 INFO  [main] o.h.c.i.RegionFactoryInitiator - HHH000026: Second-level cache disabled
2025-06-21 05:13:08 INFO  [main] o.s.o.j.p.SpringPersistenceUnitInfo - No LoadTimeWeaver setup: ignoring JPA class transformer
2025-06-21 05:13:08 INFO  [main] com.zaxxer.hikari.HikariDataSource - HikariPool-1 - Starting...
2025-06-21 05:13:09 INFO  [main] com.zaxxer.hikari.pool.HikariPool - HikariPool-1 - Added connection ConnectionID:1 ClientConnectionId: d4c78bfb-ba0f-43ba-b104-42e79b2fb34d
2025-06-21 05:13:09 INFO  [main] com.zaxxer.hikari.HikariDataSource - HikariPool-1 - Start completed.
2025-06-21 05:13:09 INFO  [main] o.hibernate.orm.connections.pooling - HHH10001005: Database info:
	Database JDBC URL [Connecting through datasource 'HikariDataSource (HikariPool-1)']
	Database driver: undefined/unknown
	Database version: 16.0
	Autocommit mode: undefined/unknown
	Isolation level: undefined/unknown
	Minimum pool size: undefined/unknown
	Maximum pool size: undefined/unknown
2025-06-21 05:13:10 INFO  [main] o.h.e.t.j.p.i.JtaPlatformInitiator - HHH000489: No JTA platform available (set 'hibernate.transaction.jta.platform' to enable JTA platform integration)
2025-06-21 05:13:11 WARN  [main] o.h.t.s.i.ExceptionHandlerLoggedImpl - GenerationTarget encountered exception accepting command : Error executing DDL "
    alter table refresh_token 
       add revoked bit not null" via JDBC [ALTER TABLE only allows columns to be added that can contain nulls, or have a DEFAULT definition specified, or the column being added is an identity or timestamp column, or alternatively if none of the previous conditions are satisfied the table must be empty to allow addition of this column. Column 'revoked' cannot be added to non-empty table 'refresh_token' because it does not satisfy these conditions.]
org.hibernate.tool.schema.spi.CommandAcceptanceException: Error executing DDL "
    alter table refresh_token 
       add revoked bit not null" via JDBC [ALTER TABLE only allows columns to be added that can contain nulls, or have a DEFAULT definition specified, or the column being added is an identity or timestamp column, or alternatively if none of the previous conditions are satisfied the table must be empty to allow addition of this column. Column 'revoked' cannot be added to non-empty table 'refresh_token' because it does not satisfy these conditions.]
	at org.hibernate.tool.schema.internal.exec.GenerationTargetToDatabase.accept(GenerationTargetToDatabase.java:94)
	at org.hibernate.tool.schema.internal.AbstractSchemaMigrator.applySqlString(AbstractSchemaMigrator.java:576)
	at org.hibernate.tool.schema.internal.AbstractSchemaMigrator.applySqlStrings(AbstractSchemaMigrator.java:516)
	at org.hibernate.tool.schema.internal.AbstractSchemaMigrator.migrateTable(AbstractSchemaMigrator.java:334)
	at org.hibernate.tool.schema.internal.GroupedSchemaMigratorImpl.performTablesMigration(GroupedSchemaMigratorImpl.java:84)
	at org.hibernate.tool.schema.internal.AbstractSchemaMigrator.performMigration(AbstractSchemaMigrator.java:233)
	at org.hibernate.tool.schema.internal.AbstractSchemaMigrator.doMigration(AbstractSchemaMigrator.java:112)
	at org.hibernate.tool.schema.spi.SchemaManagementToolCoordinator.performDatabaseAction(SchemaManagementToolCoordinator.java:280)
	at org.hibernate.tool.schema.spi.SchemaManagementToolCoordinator.lambda$process$5(SchemaManagementToolCoordinator.java:144)
	at java.base/java.util.HashMap.forEach(HashMap.java:1429)
	at org.hibernate.tool.schema.spi.SchemaManagementToolCoordinator.process(SchemaManagementToolCoordinator.java:141)
	at org.hibernate.boot.internal.SessionFactoryObserverForSchemaExport.sessionFactoryCreated(SessionFactoryObserverForSchemaExport.java:37)
	at org.hibernate.internal.SessionFactoryObserverChain.sessionFactoryCreated(SessionFactoryObserverChain.java:35)
	at org.hibernate.internal.SessionFactoryImpl.<init>(SessionFactoryImpl.java:324)
	at org.hibernate.boot.internal.SessionFactoryBuilderImpl.build(SessionFactoryBuilderImpl.java:463)
	at org.hibernate.jpa.boot.internal.EntityManagerFactoryBuilderImpl.build(EntityManagerFactoryBuilderImpl.java:1517)
	at org.springframework.orm.jpa.vendor.SpringHibernateJpaPersistenceProvider.createContainerEntityManagerFactory(SpringHibernateJpaPersistenceProvider.java:66)
	at org.springframework.orm.jpa.LocalContainerEntityManagerFactoryBean.createNativeEntityManagerFactory(LocalContainerEntityManagerFactoryBean.java:390)
	at org.springframework.orm.jpa.AbstractEntityManagerFactoryBean.buildNativeEntityManagerFactory(AbstractEntityManagerFactoryBean.java:419)
	at org.springframework.orm.jpa.AbstractEntityManagerFactoryBean.afterPropertiesSet(AbstractEntityManagerFactoryBean.java:400)
	at org.springframework.orm.jpa.LocalContainerEntityManagerFactoryBean.afterPropertiesSet(LocalContainerEntityManagerFactoryBean.java:366)
	at org.springframework.beans.factory.support.AbstractAutowireCapableBeanFactory.invokeInitMethods(AbstractAutowireCapableBeanFactory.java:1859)
	at org.springframework.beans.factory.support.AbstractAutowireCapableBeanFactory.initializeBean(AbstractAutowireCapableBeanFactory.java:1808)
	at org.springframework.beans.factory.support.AbstractAutowireCapableBeanFactory.doCreateBean(AbstractAutowireCapableBeanFactory.java:601)
	at org.springframework.beans.factory.support.AbstractAutowireCapableBeanFactory.createBean(AbstractAutowireCapableBeanFactory.java:523)
	at org.springframework.beans.factory.support.AbstractBeanFactory.lambda$doGetBean$0(AbstractBeanFactory.java:339)
	at org.springframework.beans.factory.support.DefaultSingletonBeanRegistry.getSingleton(DefaultSingletonBeanRegistry.java:347)
	at org.springframework.beans.factory.support.AbstractBeanFactory.doGetBean(AbstractBeanFactory.java:337)
	at org.springframework.beans.factory.support.AbstractBeanFactory.getBean(AbstractBeanFactory.java:202)
	at org.springframework.beans.factory.support.BeanDefinitionValueResolver.resolveReference(BeanDefinitionValueResolver.java:365)
	at org.springframework.beans.factory.support.BeanDefinitionValueResolver.resolveValueIfNecessary(BeanDefinitionValueResolver.java:135)
	at org.springframework.beans.factory.support.ConstructorResolver.resolveConstructorArguments(ConstructorResolver.java:691)
	at org.springframework.beans.factory.support.ConstructorResolver.instantiateUsingFactoryMethod(ConstructorResolver.java:513)
	at org.springframework.beans.factory.support.AbstractAutowireCapableBeanFactory.instantiateUsingFactoryMethod(AbstractAutowireCapableBeanFactory.java:1361)
	at org.springframework.beans.factory.support.AbstractAutowireCapableBeanFactory.createBeanInstance(AbstractAutowireCapableBeanFactory.java:1191)
	at org.springframework.beans.factory.support.AbstractAutowireCapableBeanFactory.doCreateBean(AbstractAutowireCapableBeanFactory.java:563)
	at org.springframework.beans.factory.support.AbstractAutowireCapableBeanFactory.createBean(AbstractAutowireCapableBeanFactory.java:523)
	at org.springframework.beans.factory.support.AbstractBeanFactory.lambda$doGetBean$0(AbstractBeanFactory.java:339)
	at org.springframework.beans.factory.support.DefaultSingletonBeanRegistry.getSingleton(DefaultSingletonBeanRegistry.java:347)
	at org.springframework.beans.factory.support.AbstractBeanFactory.doGetBean(AbstractBeanFactory.java:337)
	at org.springframework.beans.factory.support.AbstractBeanFactory.getBean(AbstractBeanFactory.java:202)
	at org.springframework.beans.factory.support.BeanDefinitionValueResolver.resolveReference(BeanDefinitionValueResolver.java:365)
	at org.springframework.beans.factory.support.BeanDefinitionValueResolver.resolveValueIfNecessary(BeanDefinitionValueResolver.java:135)
	at org.springframework.beans.factory.support.AbstractAutowireCapableBeanFactory.applyPropertyValues(AbstractAutowireCapableBeanFactory.java:1711)
	at org.springframework.beans.factory.support.AbstractAutowireCapableBeanFactory.populateBean(AbstractAutowireCapableBeanFactory.java:1460)
	at org.springframework.beans.factory.support.AbstractAutowireCapableBeanFactory.doCreateBean(AbstractAutowireCapableBeanFactory.java:600)
	at org.springframework.beans.factory.support.AbstractAutowireCapableBeanFactory.createBean(AbstractAutowireCapableBeanFactory.java:523)
	at org.springframework.beans.factory.support.AbstractBeanFactory.lambda$doGetBean$0(AbstractBeanFactory.java:339)
	at org.springframework.beans.factory.support.DefaultSingletonBeanRegistry.getSingleton(DefaultSingletonBeanRegistry.java:347)
	at org.springframework.beans.factory.support.AbstractBeanFactory.doGetBean(AbstractBeanFactory.java:337)
	at org.springframework.beans.factory.support.AbstractBeanFactory.getBean(AbstractBeanFactory.java:202)
	at org.springframework.beans.factory.support.DefaultListableBeanFactory.doResolveDependency(DefaultListableBeanFactory.java:1609)
	at org.springframework.beans.factory.support.DefaultListableBeanFactory.resolveDependency(DefaultListableBeanFactory.java:1555)
	at org.springframework.beans.factory.support.ConstructorResolver.resolveAutowiredArgument(ConstructorResolver.java:913)
	at org.springframework.beans.factory.support.ConstructorResolver.createArgumentArray(ConstructorResolver.java:791)
	at org.springframework.beans.factory.support.ConstructorResolver.autowireConstructor(ConstructorResolver.java:240)
	at org.springframework.beans.factory.support.AbstractAutowireCapableBeanFactory.autowireConstructor(AbstractAutowireCapableBeanFactory.java:1381)
	at org.springframework.beans.factory.support.AbstractAutowireCapableBeanFactory.createBeanInstance(AbstractAutowireCapableBeanFactory.java:1218)
	at org.springframework.beans.factory.support.AbstractAutowireCapableBeanFactory.doCreateBean(AbstractAutowireCapableBeanFactory.java:563)
	at org.springframework.beans.factory.support.AbstractAutowireCapableBeanFactory.createBean(AbstractAutowireCapableBeanFactory.java:523)
	at org.springframework.beans.factory.support.AbstractBeanFactory.lambda$doGetBean$0(AbstractBeanFactory.java:339)
	at org.springframework.beans.factory.support.DefaultSingletonBeanRegistry.getSingleton(DefaultSingletonBeanRegistry.java:347)
	at org.springframework.beans.factory.support.AbstractBeanFactory.doGetBean(AbstractBeanFactory.java:337)
	at org.springframework.beans.factory.support.AbstractBeanFactory.getBean(AbstractBeanFactory.java:207)
	at org.springframework.boot.web.servlet.ServletContextInitializerBeans.getOrderedBeansOfType(ServletContextInitializerBeans.java:211)
	at org.springframework.boot.web.servlet.ServletContextInitializerBeans.addAsRegistrationBean(ServletContextInitializerBeans.java:174)
	at org.springframework.boot.web.servlet.ServletContextInitializerBeans.addAsRegistrationBean(ServletContextInitializerBeans.java:169)
	at org.springframework.boot.web.servlet.ServletContextInitializerBeans.addAdaptableBeans(ServletContextInitializerBeans.java:154)
	at org.springframework.boot.web.servlet.ServletContextInitializerBeans.<init>(ServletContextInitializerBeans.java:87)
	at org.springframework.boot.web.servlet.context.ServletWebServerApplicationContext.getServletContextInitializerBeans(ServletWebServerApplicationContext.java:271)
	at org.springframework.boot.web.servlet.context.ServletWebServerApplicationContext.selfInitialize(ServletWebServerApplicationContext.java:245)
	at org.springframework.boot.web.embedded.tomcat.TomcatStarter.onStartup(TomcatStarter.java:52)
	at org.apache.catalina.core.StandardContext.startInternal(StandardContext.java:4467)
	at org.apache.catalina.util.LifecycleBase.start(LifecycleBase.java:164)
	at org.apache.catalina.core.ContainerBase$StartChild.call(ContainerBase.java:1203)
	at org.apache.catalina.core.ContainerBase$StartChild.call(ContainerBase.java:1193)
	at java.base/java.util.concurrent.FutureTask.run(FutureTask.java:317)
	at org.apache.tomcat.util.threads.InlineExecutorService.execute(InlineExecutorService.java:75)
	at java.base/java.util.concurrent.AbstractExecutorService.submit(AbstractExecutorService.java:145)
	at org.apache.catalina.core.ContainerBase.startInternal(ContainerBase.java:749)
	at org.apache.catalina.core.StandardHost.startInternal(StandardHost.java:772)
	at org.apache.catalina.util.LifecycleBase.start(LifecycleBase.java:164)
	at org.apache.catalina.core.ContainerBase$StartChild.call(ContainerBase.java:1203)
	at org.apache.catalina.core.ContainerBase$StartChild.call(ContainerBase.java:1193)
	at java.base/java.util.concurrent.FutureTask.run(FutureTask.java:317)
	at org.apache.tomcat.util.threads.InlineExecutorService.execute(InlineExecutorService.java:75)
	at java.base/java.util.concurrent.AbstractExecutorService.submit(AbstractExecutorService.java:145)
	at org.apache.catalina.core.ContainerBase.startInternal(ContainerBase.java:749)
	at org.apache.catalina.core.StandardEngine.startInternal(StandardEngine.java:203)
	at org.apache.catalina.util.LifecycleBase.start(LifecycleBase.java:164)
	at org.apache.catalina.core.StandardService.startInternal(StandardService.java:415)
	at org.apache.catalina.util.LifecycleBase.start(LifecycleBase.java:164)
	at org.apache.catalina.core.StandardServer.startInternal(StandardServer.java:870)
	at org.apache.catalina.util.LifecycleBase.start(LifecycleBase.java:164)
	at org.apache.catalina.startup.Tomcat.start(Tomcat.java:437)
	at org.springframework.boot.web.embedded.tomcat.TomcatWebServer.initialize(TomcatWebServer.java:128)
	at org.springframework.boot.web.embedded.tomcat.TomcatWebServer.<init>(TomcatWebServer.java:107)
	at org.springframework.boot.web.embedded.tomcat.TomcatServletWebServerFactory.getTomcatWebServer(TomcatServletWebServerFactory.java:517)
	at org.springframework.boot.web.embedded.tomcat.TomcatServletWebServerFactory.getWebServer(TomcatServletWebServerFactory.java:219)
	at org.springframework.boot.web.servlet.context.ServletWebServerApplicationContext.createWebServer(ServletWebServerApplicationContext.java:193)
	at org.springframework.boot.web.servlet.context.ServletWebServerApplicationContext.onRefresh(ServletWebServerApplicationContext.java:167)
	at org.springframework.context.support.AbstractApplicationContext.refresh(AbstractApplicationContext.java:621)
	at org.springframework.boot.web.servlet.context.ServletWebServerApplicationContext.refresh(ServletWebServerApplicationContext.java:146)
	at org.springframework.boot.SpringApplication.refresh(SpringApplication.java:752)
	at org.springframework.boot.SpringApplication.refreshContext(SpringApplication.java:439)
	at org.springframework.boot.SpringApplication.run(SpringApplication.java:318)
	at org.springframework.boot.SpringApplication.run(SpringApplication.java:1361)
	at org.springframework.boot.SpringApplication.run(SpringApplication.java:1350)
	at catholic.ac.kr.secureuserapp.BookApplication.main(BookApplication.java:12)
Caused by: com.microsoft.sqlserver.jdbc.SQLServerException: ALTER TABLE only allows columns to be added that can contain nulls, or have a DEFAULT definition specified, or the column being added is an identity or timestamp column, or alternatively if none of the previous conditions are satisfied the table must be empty to allow addition of this column. Column 'revoked' cannot be added to non-empty table 'refresh_token' because it does not satisfy these conditions.
	at com.microsoft.sqlserver.jdbc.SQLServerException.makeFromDatabaseError(SQLServerException.java:270)
	at com.microsoft.sqlserver.jdbc.SQLServerStatement.getNextResult(SQLServerStatement.java:1735)
	at com.microsoft.sqlserver.jdbc.SQLServerStatement.doExecuteStatement(SQLServerStatement.java:929)
	at com.microsoft.sqlserver.jdbc.SQLServerStatement$StmtExecCmd.doExecute(SQLServerStatement.java:823)
	at com.microsoft.sqlserver.jdbc.TDSCommand.execute(IOBuffer.java:7745)
	at com.microsoft.sqlserver.jdbc.SQLServerConnection.executeCommand(SQLServerConnection.java:4391)
	at com.microsoft.sqlserver.jdbc.SQLServerStatement.executeCommand(SQLServerStatement.java:276)
	at com.microsoft.sqlserver.jdbc.SQLServerStatement.executeStatement(SQLServerStatement.java:246)
	at com.microsoft.sqlserver.jdbc.SQLServerStatement.execute(SQLServerStatement.java:796)
	at com.zaxxer.hikari.pool.ProxyStatement.execute(ProxyStatement.java:94)
	at com.zaxxer.hikari.pool.HikariProxyStatement.execute(HikariProxyStatement.java)
	at org.hibernate.tool.schema.internal.exec.GenerationTargetToDatabase.accept(GenerationTargetToDatabase.java:80)
	... 108 common frames omitted
2025-06-21 05:13:11 INFO  [main] o.s.o.j.LocalContainerEntityManagerFactoryBean - Initialized JPA EntityManagerFactory for persistence unit 'default'
2025-06-21 05:13:11 INFO  [main] o.s.d.j.r.query.QueryEnhancerFactory - Hibernate is in classpath; If applicable, HQL parser will be used.
2025-06-21 05:13:12 INFO  [main] o.s.s.c.a.a.c.InitializeAuthenticationProviderBeanManagerConfigurer$InitializeAuthenticationProviderManagerConfigurer - Global AuthenticationManager configured with AuthenticationProvider bean with name authenticationProvider
2025-06-21 05:13:12 WARN  [main] o.s.s.c.a.a.c.InitializeUserDetailsBeanManagerConfigurer$InitializeUserDetailsManagerConfigurer - Global AuthenticationManager configured with an AuthenticationProvider bean. UserDetailsService beans will not be used by Spring Security for automatically configuring username/password login. Consider removing the AuthenticationProvider bean. Alternatively, consider using the UserDetailsService in a manually instantiated DaoAuthenticationProvider. If the current configuration is intentional, to turn off this warning, increase the logging level of 'org.springframework.security.config.annotation.authentication.configuration.InitializeUserDetailsBeanManagerConfigurer' to ERROR
2025-06-21 05:13:12 WARN  [main] o.s.b.a.o.j.JpaBaseConfiguration$JpaWebConfiguration - spring.jpa.open-in-view is enabled by default. Therefore, database queries may be performed during view rendering. Explicitly configure spring.jpa.open-in-view to disable this warning
2025-06-21 05:13:13 INFO  [main] o.a.coyote.http11.Http11NioProtocol - Starting ProtocolHandler ["http-nio-8080"]
2025-06-21 05:13:13 INFO  [main] o.s.b.w.e.tomcat.TomcatWebServer - Tomcat started on port 8080 (http) with context path '/'
2025-06-21 05:13:13 INFO  [main] c.a.kr.secureuserapp.BookApplication - Started BookApplication in 8.21 seconds (process running for 9.17)
2025-06-21 05:13:58 INFO  [http-nio-8080-exec-1] o.a.c.c.C.[Tomcat].[localhost].[/] - Initializing Spring DispatcherServlet 'dispatcherServlet'
2025-06-21 05:13:58 INFO  [http-nio-8080-exec-1] o.s.web.servlet.DispatcherServlet - Initializing Servlet 'dispatcherServlet'
2025-06-21 05:13:58 INFO  [http-nio-8080-exec-1] o.s.web.servlet.DispatcherServlet - Completed initialization in 0 ms
2025-06-21 05:13:59 INFO  [http-nio-8080-exec-1] c.a.k.s.Aspect.LoggingAspect - ==> Bắt đầu gọi: public org.springframework.http.ResponseEntity catholic.ac.kr.secureuserapp.controller.AuthController.refreshAccessToken(java.util.Map)
2025-06-21 05:13:59 WARN  [http-nio-8080-exec-1] o.h.e.jdbc.spi.SqlExceptionHelper - SQL Error: 207, SQLState: S0001
2025-06-21 05:13:59 ERROR [http-nio-8080-exec-1] o.h.e.jdbc.spi.SqlExceptionHelper - Invalid column name 'revoked'.
2025-06-21 05:13:59 INFO  [http-nio-8080-exec-1] c.a.k.s.Aspect.LoggingAspect - <== Kết thúc: public org.springframework.http.ResponseEntity catholic.ac.kr.secureuserapp.controller.AuthController.refreshAccessToken(java.util.Map) | Thời gian: 192ms
2025-06-21 05:14:23 INFO  [http-nio-8080-exec-4] c.a.k.s.Aspect.LoggingAspect - ==> Bắt đầu gọi: public org.springframework.http.ResponseEntity catholic.ac.kr.secureuserapp.controller.AuthController.logout(catholic.ac.kr.secureuserapp.model.dto.LogoutRequest)
2025-06-21 05:14:23 WARN  [http-nio-8080-exec-4] o.h.e.jdbc.spi.SqlExceptionHelper - SQL Error: 207, SQLState: S0001
2025-06-21 05:14:23 ERROR [http-nio-8080-exec-4] o.h.e.jdbc.spi.SqlExceptionHelper - Invalid column name 'revoked'.
2025-06-21 05:14:37 INFO  [http-nio-8080-exec-5] c.a.k.s.Aspect.LoggingAspect - ==> Bắt đầu gọi: public org.springframework.http.ResponseEntity catholic.ac.kr.secureuserapp.controller.AuthController.login(catholic.ac.kr.secureuserapp.model.dto.LoginRequest)
2025-06-21 05:14:38 INFO  [http-nio-8080-exec-5] c.a.k.s.Aspect.LoggingAspect - ==> Bắt đầu gọi: public catholic.ac.kr.secureuserapp.model.dto.ApiResponse catholic.ac.kr.secureuserapp.service.RefreshTokenService.createRefreshToken(catholic.ac.kr.secureuserapp.model.entity.User)
2025-06-21 05:14:38 WARN  [http-nio-8080-exec-5] o.h.e.jdbc.spi.SqlExceptionHelper - SQL Error: 207, SQLState: S0001
2025-06-21 05:14:38 ERROR [http-nio-8080-exec-5] o.h.e.jdbc.spi.SqlExceptionHelper - Invalid column name 'revoked'.
2025-06-21 05:14:38 INFO  [http-nio-8080-exec-5] c.a.k.s.Aspect.LoggingAspect - <== Kết thúc: public org.springframework.http.ResponseEntity catholic.ac.kr.secureuserapp.controller.AuthController.login(catholic.ac.kr.secureuserapp.model.dto.LoginRequest) | Thời gian: 654ms
2025-06-21 05:16:15 INFO  [http-nio-8080-exec-8] c.a.k.s.Aspect.LoggingAspect - ==> Bắt đầu gọi: public org.springframework.http.ResponseEntity catholic.ac.kr.secureuserapp.controller.AuthController.login(catholic.ac.kr.secureuserapp.model.dto.LoginRequest)
2025-06-21 05:16:16 INFO  [http-nio-8080-exec-8] c.a.k.s.Aspect.LoggingAspect - ==> Bắt đầu gọi: public catholic.ac.kr.secureuserapp.model.dto.ApiResponse catholic.ac.kr.secureuserapp.service.RefreshTokenService.createRefreshToken(catholic.ac.kr.secureuserapp.model.entity.User)
2025-06-21 05:16:16 WARN  [http-nio-8080-exec-8] o.h.e.jdbc.spi.SqlExceptionHelper - SQL Error: 207, SQLState: S0001
2025-06-21 05:16:16 ERROR [http-nio-8080-exec-8] o.h.e.jdbc.spi.SqlExceptionHelper - Invalid column name 'revoked'.
2025-06-21 05:16:16 INFO  [http-nio-8080-exec-8] c.a.k.s.Aspect.LoggingAspect - <== Kết thúc: public org.springframework.http.ResponseEntity catholic.ac.kr.secureuserapp.controller.AuthController.login(catholic.ac.kr.secureuserapp.model.dto.LoginRequest) | Thời gian: 231ms
2025-06-21 05:16:38 INFO  [http-nio-8080-exec-9] c.a.k.s.Aspect.LoggingAspect - ==> Bắt đầu gọi: public org.springframework.http.ResponseEntity catholic.ac.kr.secureuserapp.controller.AuthController.login(catholic.ac.kr.secureuserapp.model.dto.LoginRequest)
2025-06-21 05:16:39 INFO  [http-nio-8080-exec-9] c.a.k.s.Aspect.LoggingAspect - ==> Bắt đầu gọi: public catholic.ac.kr.secureuserapp.model.dto.ApiResponse catholic.ac.kr.secureuserapp.service.RefreshTokenService.createRefreshToken(catholic.ac.kr.secureuserapp.model.entity.User)
2025-06-21 05:16:39 WARN  [http-nio-8080-exec-9] o.h.e.jdbc.spi.SqlExceptionHelper - SQL Error: 207, SQLState: S0001
2025-06-21 05:16:39 ERROR [http-nio-8080-exec-9] o.h.e.jdbc.spi.SqlExceptionHelper - Invalid column name 'revoked'.
2025-06-21 05:16:39 INFO  [http-nio-8080-exec-9] c.a.k.s.Aspect.LoggingAspect - <== Kết thúc: public org.springframework.http.ResponseEntity catholic.ac.kr.secureuserapp.controller.AuthController.login(catholic.ac.kr.secureuserapp.model.dto.LoginRequest) | Thời gian: 252ms
2025-06-21 05:17:13 INFO  [SpringApplicationShutdownHook] o.s.b.w.e.tomcat.GracefulShutdown - Commencing graceful shutdown. Waiting for active requests to complete
2025-06-21 05:17:13 INFO  [tomcat-shutdown] o.s.b.w.e.tomcat.GracefulShutdown - Graceful shutdown complete
2025-06-21 05:17:13 INFO  [SpringApplicationShutdownHook] o.s.o.j.LocalContainerEntityManagerFactoryBean - Closing JPA EntityManagerFactory for persistence unit 'default'
2025-06-21 05:17:13 INFO  [SpringApplicationShutdownHook] com.zaxxer.hikari.HikariDataSource - HikariPool-1 - Shutdown initiated...
2025-06-21 05:17:13 INFO  [SpringApplicationShutdownHook] com.zaxxer.hikari.HikariDataSource - HikariPool-1 - Shutdown completed.
2025-06-21 05:17:16 INFO  [background-preinit] o.h.validator.internal.util.Version - HV000001: Hibernate Validator 8.0.2.Final
2025-06-21 05:17:16 INFO  [main] c.a.kr.secureuserapp.BookApplication - Starting BookApplication using Java 22.0.2 with PID 14716 (C:\Users\nvtuy\IdeaProjects\Book-Store\target\classes started by nvtuy in C:\Users\nvtuy\IdeaProjects\Book-Store)
2025-06-21 05:17:16 INFO  [main] c.a.kr.secureuserapp.BookApplication - No active profile set, falling back to 1 default profile: "default"
2025-06-21 05:17:17 INFO  [main] o.s.d.r.c.RepositoryConfigurationDelegate - Bootstrapping Spring Data JPA repositories in DEFAULT mode.
2025-06-21 05:17:17 INFO  [main] o.s.d.r.c.RepositoryConfigurationDelegate - Finished Spring Data repository scanning in 54 ms. Found 4 JPA repository interfaces.
2025-06-21 05:17:17 INFO  [main] o.s.b.w.e.tomcat.TomcatWebServer - Tomcat initialized with port 8080 (http)
2025-06-21 05:17:17 INFO  [main] o.a.coyote.http11.Http11NioProtocol - Initializing ProtocolHandler ["http-nio-8080"]
2025-06-21 05:17:17 INFO  [main] o.a.catalina.core.StandardService - Starting service [Tomcat]
2025-06-21 05:17:17 INFO  [main] o.a.catalina.core.StandardEngine - Starting Servlet engine: [Apache Tomcat/10.1.39]
2025-06-21 05:17:17 INFO  [main] o.a.c.c.C.[Tomcat].[localhost].[/] - Initializing Spring embedded WebApplicationContext
2025-06-21 05:17:17 INFO  [main] o.s.b.w.s.c.ServletWebServerApplicationContext - Root WebApplicationContext: initialization completed in 1452 ms
2025-06-21 05:17:18 INFO  [main] o.h.jpa.internal.util.LogHelper - HHH000204: Processing PersistenceUnitInfo [name: default]
2025-06-21 05:17:18 INFO  [main] org.hibernate.Version - HHH000412: Hibernate ORM core version 6.6.11.Final
2025-06-21 05:17:18 INFO  [main] o.h.c.i.RegionFactoryInitiator - HHH000026: Second-level cache disabled
2025-06-21 05:17:18 INFO  [main] o.s.o.j.p.SpringPersistenceUnitInfo - No LoadTimeWeaver setup: ignoring JPA class transformer
2025-06-21 05:17:18 INFO  [main] com.zaxxer.hikari.HikariDataSource - HikariPool-1 - Starting...
2025-06-21 05:17:18 INFO  [main] com.zaxxer.hikari.pool.HikariPool - HikariPool-1 - Added connection ConnectionID:1 ClientConnectionId: ce57a2e4-b6c6-41af-a4da-3cc168e0fe38
2025-06-21 05:17:18 INFO  [main] com.zaxxer.hikari.HikariDataSource - HikariPool-1 - Start completed.
2025-06-21 05:17:18 INFO  [main] o.hibernate.orm.connections.pooling - HHH10001005: Database info:
	Database JDBC URL [Connecting through datasource 'HikariDataSource (HikariPool-1)']
	Database driver: undefined/unknown
	Database version: 16.0
	Autocommit mode: undefined/unknown
	Isolation level: undefined/unknown
	Minimum pool size: undefined/unknown
	Maximum pool size: undefined/unknown
2025-06-21 05:17:19 INFO  [main] o.h.e.t.j.p.i.JtaPlatformInitiator - HHH000489: No JTA platform available (set 'hibernate.transaction.jta.platform' to enable JTA platform integration)
2025-06-21 05:17:20 INFO  [main] o.s.o.j.LocalContainerEntityManagerFactoryBean - Initialized JPA EntityManagerFactory for persistence unit 'default'
2025-06-21 05:17:21 INFO  [main] o.s.d.j.r.query.QueryEnhancerFactory - Hibernate is in classpath; If applicable, HQL parser will be used.
2025-06-21 05:17:22 INFO  [main] o.s.s.c.a.a.c.InitializeAuthenticationProviderBeanManagerConfigurer$InitializeAuthenticationProviderManagerConfigurer - Global AuthenticationManager configured with AuthenticationProvider bean with name authenticationProvider
2025-06-21 05:17:22 WARN  [main] o.s.s.c.a.a.c.InitializeUserDetailsBeanManagerConfigurer$InitializeUserDetailsManagerConfigurer - Global AuthenticationManager configured with an AuthenticationProvider bean. UserDetailsService beans will not be used by Spring Security for automatically configuring username/password login. Consider removing the AuthenticationProvider bean. Alternatively, consider using the UserDetailsService in a manually instantiated DaoAuthenticationProvider. If the current configuration is intentional, to turn off this warning, increase the logging level of 'org.springframework.security.config.annotation.authentication.configuration.InitializeUserDetailsBeanManagerConfigurer' to ERROR
2025-06-21 05:17:22 WARN  [main] o.s.b.a.o.j.JpaBaseConfiguration$JpaWebConfiguration - spring.jpa.open-in-view is enabled by default. Therefore, database queries may be performed during view rendering. Explicitly configure spring.jpa.open-in-view to disable this warning
2025-06-21 05:17:23 INFO  [main] o.a.coyote.http11.Http11NioProtocol - Starting ProtocolHandler ["http-nio-8080"]
2025-06-21 05:17:23 INFO  [main] o.s.b.w.e.tomcat.TomcatWebServer - Tomcat started on port 8080 (http) with context path '/'
2025-06-21 05:17:23 INFO  [main] c.a.kr.secureuserapp.BookApplication - Started BookApplication in 7.227 seconds (process running for 7.968)
2025-06-21 05:18:01 INFO  [SpringApplicationShutdownHook] o.s.b.w.e.tomcat.GracefulShutdown - Commencing graceful shutdown. Waiting for active requests to complete
2025-06-21 05:18:01 INFO  [tomcat-shutdown] o.s.b.w.e.tomcat.GracefulShutdown - Graceful shutdown complete
2025-06-21 05:18:01 INFO  [SpringApplicationShutdownHook] o.s.o.j.LocalContainerEntityManagerFactoryBean - Closing JPA EntityManagerFactory for persistence unit 'default'
2025-06-21 05:18:01 INFO  [SpringApplicationShutdownHook] com.zaxxer.hikari.HikariDataSource - HikariPool-1 - Shutdown initiated...
2025-06-21 05:18:01 INFO  [SpringApplicationShutdownHook] com.zaxxer.hikari.HikariDataSource - HikariPool-1 - Shutdown completed.
2025-06-21 05:18:16 INFO  [background-preinit] o.h.validator.internal.util.Version - HV000001: Hibernate Validator 8.0.2.Final
2025-06-21 05:18:16 INFO  [main] c.a.kr.secureuserapp.BookApplication - Starting BookApplication using Java 22.0.2 with PID 13588 (C:\Users\nvtuy\IdeaProjects\Book-Store\target\classes started by nvtuy in C:\Users\nvtuy\IdeaProjects\Book-Store)
2025-06-21 05:18:16 INFO  [main] c.a.kr.secureuserapp.BookApplication - No active profile set, falling back to 1 default profile: "default"
2025-06-21 05:18:17 INFO  [main] o.s.d.r.c.RepositoryConfigurationDelegate - Bootstrapping Spring Data JPA repositories in DEFAULT mode.
2025-06-21 05:18:17 INFO  [main] o.s.d.r.c.RepositoryConfigurationDelegate - Finished Spring Data repository scanning in 63 ms. Found 4 JPA repository interfaces.
2025-06-21 05:18:18 INFO  [main] o.s.b.w.e.tomcat.TomcatWebServer - Tomcat initialized with port 8080 (http)
2025-06-21 05:18:18 INFO  [main] o.a.coyote.http11.Http11NioProtocol - Initializing ProtocolHandler ["http-nio-8080"]
2025-06-21 05:18:18 INFO  [main] o.a.catalina.core.StandardService - Starting service [Tomcat]
2025-06-21 05:18:18 INFO  [main] o.a.catalina.core.StandardEngine - Starting Servlet engine: [Apache Tomcat/10.1.39]
2025-06-21 05:18:18 INFO  [main] o.a.c.c.C.[Tomcat].[localhost].[/] - Initializing Spring embedded WebApplicationContext
2025-06-21 05:18:18 INFO  [main] o.s.b.w.s.c.ServletWebServerApplicationContext - Root WebApplicationContext: initialization completed in 1483 ms
2025-06-21 05:18:18 INFO  [main] o.h.jpa.internal.util.LogHelper - HHH000204: Processing PersistenceUnitInfo [name: default]
2025-06-21 05:18:18 INFO  [main] org.hibernate.Version - HHH000412: Hibernate ORM core version 6.6.11.Final
2025-06-21 05:18:18 INFO  [main] o.h.c.i.RegionFactoryInitiator - HHH000026: Second-level cache disabled
2025-06-21 05:18:18 INFO  [main] o.s.o.j.p.SpringPersistenceUnitInfo - No LoadTimeWeaver setup: ignoring JPA class transformer
2025-06-21 05:18:18 INFO  [main] com.zaxxer.hikari.HikariDataSource - HikariPool-1 - Starting...
2025-06-21 05:18:19 INFO  [main] com.zaxxer.hikari.pool.HikariPool - HikariPool-1 - Added connection ConnectionID:1 ClientConnectionId: f9f8c9ee-3063-41ee-b780-4e42238a3a2c
2025-06-21 05:18:19 INFO  [main] com.zaxxer.hikari.HikariDataSource - HikariPool-1 - Start completed.
2025-06-21 05:18:19 INFO  [main] o.hibernate.orm.connections.pooling - HHH10001005: Database info:
	Database JDBC URL [Connecting through datasource 'HikariDataSource (HikariPool-1)']
	Database driver: undefined/unknown
	Database version: 16.0
	Autocommit mode: undefined/unknown
	Isolation level: undefined/unknown
	Minimum pool size: undefined/unknown
	Maximum pool size: undefined/unknown
2025-06-21 05:18:20 INFO  [main] o.h.e.t.j.p.i.JtaPlatformInitiator - HHH000489: No JTA platform available (set 'hibernate.transaction.jta.platform' to enable JTA platform integration)
2025-06-21 05:18:21 INFO  [main] o.s.o.j.LocalContainerEntityManagerFactoryBean - Initialized JPA EntityManagerFactory for persistence unit 'default'
2025-06-21 05:18:21 INFO  [main] o.s.d.j.r.query.QueryEnhancerFactory - Hibernate is in classpath; If applicable, HQL parser will be used.
2025-06-21 05:18:22 INFO  [main] o.s.s.c.a.a.c.InitializeAuthenticationProviderBeanManagerConfigurer$InitializeAuthenticationProviderManagerConfigurer - Global AuthenticationManager configured with AuthenticationProvider bean with name authenticationProvider
2025-06-21 05:18:22 WARN  [main] o.s.s.c.a.a.c.InitializeUserDetailsBeanManagerConfigurer$InitializeUserDetailsManagerConfigurer - Global AuthenticationManager configured with an AuthenticationProvider bean. UserDetailsService beans will not be used by Spring Security for automatically configuring username/password login. Consider removing the AuthenticationProvider bean. Alternatively, consider using the UserDetailsService in a manually instantiated DaoAuthenticationProvider. If the current configuration is intentional, to turn off this warning, increase the logging level of 'org.springframework.security.config.annotation.authentication.configuration.InitializeUserDetailsBeanManagerConfigurer' to ERROR
2025-06-21 05:18:22 WARN  [main] o.s.b.a.o.j.JpaBaseConfiguration$JpaWebConfiguration - spring.jpa.open-in-view is enabled by default. Therefore, database queries may be performed during view rendering. Explicitly configure spring.jpa.open-in-view to disable this warning
2025-06-21 05:18:23 INFO  [main] o.a.coyote.http11.Http11NioProtocol - Starting ProtocolHandler ["http-nio-8080"]
2025-06-21 05:18:23 INFO  [main] o.s.b.w.e.tomcat.TomcatWebServer - Tomcat started on port 8080 (http) with context path '/'
2025-06-21 05:18:23 INFO  [main] c.a.kr.secureuserapp.BookApplication - Started BookApplication in 7.46 seconds (process running for 8.051)
2025-06-21 05:18:38 INFO  [http-nio-8080-exec-3] o.a.c.c.C.[Tomcat].[localhost].[/] - Initializing Spring DispatcherServlet 'dispatcherServlet'
2025-06-21 05:18:38 INFO  [http-nio-8080-exec-3] o.s.web.servlet.DispatcherServlet - Initializing Servlet 'dispatcherServlet'
2025-06-21 05:18:38 INFO  [http-nio-8080-exec-3] o.s.web.servlet.DispatcherServlet - Completed initialization in 0 ms
2025-06-21 05:18:39 INFO  [http-nio-8080-exec-3] c.a.k.s.Aspect.LoggingAspect - ==> Bắt đầu gọi: public org.springframework.http.ResponseEntity catholic.ac.kr.secureuserapp.controller.AuthController.login(catholic.ac.kr.secureuserapp.model.dto.LoginRequest)
2025-06-21 05:18:39 INFO  [http-nio-8080-exec-3] c.a.k.s.Aspect.LoggingAspect - ==> Bắt đầu gọi: public catholic.ac.kr.secureuserapp.model.dto.ApiResponse catholic.ac.kr.secureuserapp.service.RefreshTokenService.createRefreshToken(catholic.ac.kr.secureuserapp.model.entity.User)
2025-06-21 05:18:40 INFO  [http-nio-8080-exec-3] c.a.k.s.Aspect.LoggingAspect - <== Kết thúc: public catholic.ac.kr.secureuserapp.model.dto.ApiResponse catholic.ac.kr.secureuserapp.service.RefreshTokenService.createRefreshToken(catholic.ac.kr.secureuserapp.model.entity.User) | Thời gian: 131ms
2025-06-21 05:18:40 INFO  [http-nio-8080-exec-3] c.a.k.s.Aspect.LoggingAspect - <== Kết thúc: public org.springframework.http.ResponseEntity catholic.ac.kr.secureuserapp.controller.AuthController.login(catholic.ac.kr.secureuserapp.model.dto.LoginRequest) | Thời gian: 990ms
2025-06-21 05:19:13 INFO  [http-nio-8080-exec-2] c.a.k.s.Aspect.LoggingAspect - ==> Bắt đầu gọi: public org.springframework.http.ResponseEntity catholic.ac.kr.secureuserapp.controller.AuthController.logout(catholic.ac.kr.secureuserapp.model.dto.LogoutRequest)
2025-06-21 05:19:13 INFO  [http-nio-8080-exec-2] c.a.k.s.Aspect.LoggingAspect - <== Kết thúc: public org.springframework.http.ResponseEntity catholic.ac.kr.secureuserapp.controller.AuthController.logout(catholic.ac.kr.secureuserapp.model.dto.LogoutRequest) | Thời gian: 73ms
2025-06-21 05:19:21 INFO  [http-nio-8080-exec-4] c.a.k.s.Aspect.LoggingAspect - ==> Bắt đầu gọi: public org.springframework.http.ResponseEntity catholic.ac.kr.secureuserapp.controller.AuthController.login(catholic.ac.kr.secureuserapp.model.dto.LoginRequest)
2025-06-21 05:19:21 INFO  [http-nio-8080-exec-4] c.a.k.s.Aspect.LoggingAspect - ==> Bắt đầu gọi: public catholic.ac.kr.secureuserapp.model.dto.ApiResponse catholic.ac.kr.secureuserapp.service.RefreshTokenService.createRefreshToken(catholic.ac.kr.secureuserapp.model.entity.User)
2025-06-21 05:19:21 INFO  [http-nio-8080-exec-4] c.a.k.s.Aspect.LoggingAspect - <== Kết thúc: public catholic.ac.kr.secureuserapp.model.dto.ApiResponse catholic.ac.kr.secureuserapp.service.RefreshTokenService.createRefreshToken(catholic.ac.kr.secureuserapp.model.entity.User) | Thời gian: 32ms
2025-06-21 05:19:21 INFO  [http-nio-8080-exec-4] c.a.k.s.Aspect.LoggingAspect - <== Kết thúc: public org.springframework.http.ResponseEntity catholic.ac.kr.secureuserapp.controller.AuthController.login(catholic.ac.kr.secureuserapp.model.dto.LoginRequest) | Thời gian: 237ms
2025-06-21 05:19:38 INFO  [http-nio-8080-exec-7] c.a.k.s.Aspect.LoggingAspect - ==> Bắt đầu gọi: public org.springframework.http.ResponseEntity catholic.ac.kr.secureuserapp.controller.AuthController.refreshAccessToken(java.util.Map)
2025-06-21 05:19:38 INFO  [http-nio-8080-exec-7] c.a.k.s.Aspect.LoggingAspect - ==> Bắt đầu gọi: public boolean catholic.ac.kr.secureuserapp.service.RefreshTokenService.isValid(catholic.ac.kr.secureuserapp.model.entity.RefreshToken)
2025-06-21 05:19:38 INFO  [http-nio-8080-exec-7] c.a.k.s.Aspect.LoggingAspect - <== Kết thúc: public boolean catholic.ac.kr.secureuserapp.service.RefreshTokenService.isValid(catholic.ac.kr.secureuserapp.model.entity.RefreshToken) | Thời gian: 0ms
2025-06-21 05:19:38 INFO  [http-nio-8080-exec-7] c.a.k.s.Aspect.LoggingAspect - ==> Bắt đầu gọi: public void catholic.ac.kr.secureuserapp.service.RefreshTokenService.revokeToken(catholic.ac.kr.secureuserapp.model.entity.RefreshToken)
2025-06-21 05:19:38 INFO  [http-nio-8080-exec-7] c.a.k.s.Aspect.LoggingAspect - <== Kết thúc: public void catholic.ac.kr.secureuserapp.service.RefreshTokenService.revokeToken(catholic.ac.kr.secureuserapp.model.entity.RefreshToken) | Thời gian: 0ms
2025-06-21 05:19:38 INFO  [http-nio-8080-exec-7] c.a.k.s.Aspect.LoggingAspect - ==> Bắt đầu gọi: public catholic.ac.kr.secureuserapp.model.dto.ApiResponse catholic.ac.kr.secureuserapp.service.RefreshTokenService.createRefreshToken(catholic.ac.kr.secureuserapp.model.entity.User)
2025-06-21 05:19:38 WARN  [http-nio-8080-exec-7] o.h.e.jdbc.spi.SqlExceptionHelper - SQL Error: 2627, SQLState: 23000
2025-06-21 05:19:38 ERROR [http-nio-8080-exec-7] o.h.e.jdbc.spi.SqlExceptionHelper - Violation of UNIQUE KEY constraint 'UKf95ixxe7pa48ryn1awmh2evt7'. Cannot insert duplicate key in object 'dbo.refresh_token'. The duplicate key value is (1).
2025-06-21 05:19:38 INFO  [http-nio-8080-exec-7] c.a.k.s.Aspect.LoggingAspect - <== Kết thúc: public org.springframework.http.ResponseEntity catholic.ac.kr.secureuserapp.controller.AuthController.refreshAccessToken(java.util.Map) | Thời gian: 129ms
2025-06-21 05:20:06 INFO  [http-nio-8080-exec-6] c.a.k.s.Aspect.LoggingAspect - ==> Bắt đầu gọi: public org.springframework.http.ResponseEntity catholic.ac.kr.secureuserapp.controller.AuthController.refreshAccessToken(java.util.Map)
2025-06-21 05:20:06 INFO  [http-nio-8080-exec-6] c.a.k.s.Aspect.LoggingAspect - ==> Bắt đầu gọi: public boolean catholic.ac.kr.secureuserapp.service.RefreshTokenService.isValid(catholic.ac.kr.secureuserapp.model.entity.RefreshToken)
2025-06-21 05:20:06 INFO  [http-nio-8080-exec-6] c.a.k.s.Aspect.LoggingAspect - <== Kết thúc: public boolean catholic.ac.kr.secureuserapp.service.RefreshTokenService.isValid(catholic.ac.kr.secureuserapp.model.entity.RefreshToken) | Thời gian: 0ms
2025-06-21 05:20:06 INFO  [http-nio-8080-exec-6] c.a.k.s.Aspect.LoggingAspect - <== Kết thúc: public org.springframework.http.ResponseEntity catholic.ac.kr.secureuserapp.controller.AuthController.refreshAccessToken(java.util.Map) | Thời gian: 34ms
2025-06-21 05:20:39 INFO  [http-nio-8080-exec-9] c.a.k.s.Aspect.LoggingAspect - ==> Bắt đầu gọi: public org.springframework.http.ResponseEntity catholic.ac.kr.secureuserapp.controller.AuthController.logout(catholic.ac.kr.secureuserapp.model.dto.LogoutRequest)
2025-06-21 05:20:39 INFO  [http-nio-8080-exec-9] c.a.k.s.Aspect.LoggingAspect - <== Kết thúc: public org.springframework.http.ResponseEntity catholic.ac.kr.secureuserapp.controller.AuthController.logout(catholic.ac.kr.secureuserapp.model.dto.LogoutRequest) | Thời gian: 50ms
2025-06-21 05:21:07 INFO  [SpringApplicationShutdownHook] o.s.b.w.e.tomcat.GracefulShutdown - Commencing graceful shutdown. Waiting for active requests to complete
2025-06-21 05:21:07 INFO  [tomcat-shutdown] o.s.b.w.e.tomcat.GracefulShutdown - Graceful shutdown complete
2025-06-21 05:21:07 INFO  [SpringApplicationShutdownHook] o.s.o.j.LocalContainerEntityManagerFactoryBean - Closing JPA EntityManagerFactory for persistence unit 'default'
2025-06-21 05:21:07 INFO  [SpringApplicationShutdownHook] com.zaxxer.hikari.HikariDataSource - HikariPool-1 - Shutdown initiated...
2025-06-21 05:21:07 INFO  [SpringApplicationShutdownHook] com.zaxxer.hikari.HikariDataSource - HikariPool-1 - Shutdown completed.
