2025-06-19 10:28:03 ERROR [http-nio-8080-exec-3] o.h.e.jdbc.spi.SqlExceptionHelper - Cannot insert duplicate key row in object 'dbo.refresh_token' with unique index 'UKf95ixxe7pa48ryn1awmh2evt7'. The duplicate key value is (1).
2025-06-19 10:28:03 ERROR [http-nio-8080-exec-2] o.h.e.jdbc.spi.SqlExceptionHelper - Cannot insert duplicate key row in object 'dbo.refresh_token' with unique index 'UKf95ixxe7pa48ryn1awmh2evt7'. The duplicate key value is (1).
2025-06-19 10:28:03 ERROR [http-nio-8080-exec-4] o.h.e.jdbc.spi.SqlExceptionHelper - Cannot insert duplicate key row in object 'dbo.refresh_token' with unique index 'UKf95ixxe7pa48ryn1awmh2evt7'. The duplicate key value is (1).
2025-06-19 10:28:03 ERROR [http-nio-8080-exec-6] o.h.e.jdbc.spi.SqlExceptionHelper - Cannot insert duplicate key row in object 'dbo.refresh_token' with unique index 'UKf95ixxe7pa48ryn1awmh2evt7'. The duplicate key value is (1).
2025-06-19 10:28:25 ERROR [http-nio-8080-exec-1] o.h.e.jdbc.spi.SqlExceptionHelper - Cannot insert duplicate key row in object 'dbo.refresh_token' with unique index 'UKf95ixxe7pa48ryn1awmh2evt7'. The duplicate key value is (1).
2025-06-19 10:28:25 ERROR [http-nio-8080-exec-5] o.h.e.jdbc.spi.SqlExceptionHelper - Cannot insert duplicate key row in object 'dbo.refresh_token' with unique index 'UKf95ixxe7pa48ryn1awmh2evt7'. The duplicate key value is (1).
2025-06-19 10:28:26 ERROR [http-nio-8080-exec-2] o.h.e.jdbc.spi.SqlExceptionHelper - Cannot insert duplicate key row in object 'dbo.refresh_token' with unique index 'UKf95ixxe7pa48ryn1awmh2evt7'. The duplicate key value is (1).
2025-06-19 10:28:26 ERROR [http-nio-8080-exec-4] o.h.e.jdbc.spi.SqlExceptionHelper - Cannot insert duplicate key row in object 'dbo.refresh_token' with unique index 'UKf95ixxe7pa48ryn1awmh2evt7'. The duplicate key value is (1).
2025-06-19 10:28:26 ERROR [http-nio-8080-exec-3] o.h.e.jdbc.spi.SqlExceptionHelper - Cannot insert duplicate key row in object 'dbo.refresh_token' with unique index 'UKf95ixxe7pa48ryn1awmh2evt7'. The duplicate key value is (1).
2025-06-19 10:28:57 ERROR [http-nio-8080-exec-9] o.h.e.jdbc.spi.SqlExceptionHelper - Cannot insert duplicate key row in object 'dbo.refresh_token' with unique index 'UKf95ixxe7pa48ryn1awmh2evt7'. The duplicate key value is (1).
2025-06-19 10:29:26 ERROR [http-nio-8080-exec-10] o.h.e.jdbc.spi.SqlExceptionHelper - Cannot insert duplicate key row in object 'dbo.refresh_token' with unique index 'UKf95ixxe7pa48ryn1awmh2evt7'. The duplicate key value is (5).
2025-06-19 11:08:13 ERROR [http-nio-8080-exec-7] o.h.e.jdbc.spi.SqlExceptionHelper - Cannot insert duplicate key row in object 'dbo.refresh_token' with unique index 'UKf95ixxe7pa48ryn1awmh2evt7'. The duplicate key value is (2).
2025-06-19 11:21:55 ERROR [http-nio-8080-exec-10] o.h.e.jdbc.spi.SqlExceptionHelper - Cannot insert duplicate key row in object 'dbo.refresh_token' with unique index 'UKf95ixxe7pa48ryn1awmh2evt7'. The duplicate key value is (7).
2025-06-19 11:22:22 ERROR [http-nio-8080-exec-2] o.h.e.jdbc.spi.SqlExceptionHelper - Cannot insert duplicate key row in object 'dbo.refresh_token' with unique index 'UKf95ixxe7pa48ryn1awmh2evt7'. The duplicate key value is (7).
2025-06-19 11:23:12 ERROR [http-nio-8080-exec-7] o.h.e.jdbc.spi.SqlExceptionHelper - Cannot insert duplicate key row in object 'dbo.refresh_token' with unique index 'UKf95ixxe7pa48ryn1awmh2evt7'. The duplicate key value is (8).
2025-06-19 12:18:27 ERROR [http-nio-8080-exec-6] o.h.e.jdbc.spi.SqlExceptionHelper - Cannot insert duplicate key row in object 'dbo.refresh_token' with unique index 'UKf95ixxe7pa48ryn1awmh2evt7'. The duplicate key value is (10).
2025-06-19 12:22:25 ERROR [http-nio-8080-exec-6] o.h.e.jdbc.spi.SqlExceptionHelper - Cannot insert duplicate key row in object 'dbo.refresh_token' with unique index 'UKf95ixxe7pa48ryn1awmh2evt7'. The duplicate key value is (10).
2025-06-19 12:27:33 ERROR [http-nio-8080-exec-1] o.h.e.jdbc.spi.SqlExceptionHelper - Cannot insert the value NULL into column 'id', table 'BookStore.dbo.refresh_token'; column does not allow nulls. INSERT fails.
2025-06-19 12:32:12 ERROR [http-nio-8080-exec-1] o.h.e.jdbc.spi.SqlExceptionHelper - Cannot insert the value NULL into column 'id', table 'BookStore.dbo.refresh_token'; column does not allow nulls. INSERT fails.
2025-06-19 12:36:38 ERROR [http-nio-8080-exec-1] o.h.e.jdbc.spi.SqlExceptionHelper - Cannot insert the value NULL into column 'id', table 'BookStore.dbo.refresh_token'; column does not allow nulls. INSERT fails.
2025-06-19 12:49:58 ERROR [main] o.s.boot.SpringApplication - Application run failed
org.springframework.beans.factory.BeanCreationException: Error creating bean with name 'addAdminService': Invocation of init method failed
	at org.springframework.beans.factory.annotation.InitDestroyAnnotationBeanPostProcessor.postProcessBeforeInitialization(InitDestroyAnnotationBeanPostProcessor.java:222)
	at org.springframework.beans.factory.support.AbstractAutowireCapableBeanFactory.applyBeanPostProcessorsBeforeInitialization(AbstractAutowireCapableBeanFactory.java:423)
	at org.springframework.beans.factory.support.AbstractAutowireCapableBeanFactory.initializeBean(AbstractAutowireCapableBeanFactory.java:1804)
	at org.springframework.beans.factory.support.AbstractAutowireCapableBeanFactory.doCreateBean(AbstractAutowireCapableBeanFactory.java:601)
	at org.springframework.beans.factory.support.AbstractAutowireCapableBeanFactory.createBean(AbstractAutowireCapableBeanFactory.java:523)
	at org.springframework.beans.factory.support.AbstractBeanFactory.lambda$doGetBean$0(AbstractBeanFactory.java:339)
	at org.springframework.beans.factory.support.DefaultSingletonBeanRegistry.getSingleton(DefaultSingletonBeanRegistry.java:347)
	at org.springframework.beans.factory.support.AbstractBeanFactory.doGetBean(AbstractBeanFactory.java:337)
	at org.springframework.beans.factory.support.AbstractBeanFactory.getBean(AbstractBeanFactory.java:202)
	at org.springframework.beans.factory.support.DefaultListableBeanFactory.instantiateSingleton(DefaultListableBeanFactory.java:1155)
	at org.springframework.beans.factory.support.DefaultListableBeanFactory.preInstantiateSingleton(DefaultListableBeanFactory.java:1121)
	at org.springframework.beans.factory.support.DefaultListableBeanFactory.preInstantiateSingletons(DefaultListableBeanFactory.java:1056)
	at org.springframework.context.support.AbstractApplicationContext.finishBeanFactoryInitialization(AbstractApplicationContext.java:987)
	at org.springframework.context.support.AbstractApplicationContext.refresh(AbstractApplicationContext.java:627)
	at org.springframework.boot.web.servlet.context.ServletWebServerApplicationContext.refresh(ServletWebServerApplicationContext.java:146)
	at org.springframework.boot.SpringApplication.refresh(SpringApplication.java:752)
	at org.springframework.boot.SpringApplication.refreshContext(SpringApplication.java:439)
	at org.springframework.boot.SpringApplication.run(SpringApplication.java:318)
	at org.springframework.boot.SpringApplication.run(SpringApplication.java:1361)
	at org.springframework.boot.SpringApplication.run(SpringApplication.java:1350)
	at catholic.ac.kr.secureuserapp.BookApplication.main(BookApplication.java:12)
Caused by: java.lang.RuntimeException: Role not found
	at catholic.ac.kr.secureuserapp.service.AddAdminService.lambda$addUserWithRoleAdmin$0(AddAdminService.java:34)
	at java.base/java.util.Optional.orElseThrow(Optional.java:403)
	at catholic.ac.kr.secureuserapp.service.AddAdminService.addUserWithRoleAdmin(AddAdminService.java:34)
	at java.base/jdk.internal.reflect.DirectMethodHandleAccessor.invoke(DirectMethodHandleAccessor.java:103)
	at java.base/java.lang.reflect.Method.invoke(Method.java:580)
	at org.springframework.beans.factory.annotation.InitDestroyAnnotationBeanPostProcessor$LifecycleMethod.invoke(InitDestroyAnnotationBeanPostProcessor.java:457)
	at org.springframework.beans.factory.annotation.InitDestroyAnnotationBeanPostProcessor$LifecycleMetadata.invokeInitMethods(InitDestroyAnnotationBeanPostProcessor.java:401)
	at org.springframework.beans.factory.annotation.InitDestroyAnnotationBeanPostProcessor.postProcessBeforeInitialization(InitDestroyAnnotationBeanPostProcessor.java:219)
	... 20 common frames omitted
2025-06-19 12:53:09 ERROR [main] o.s.b.d.LoggingFailureAnalysisReporter - 

***************************
APPLICATION FAILED TO START
***************************

Description:

The bean 'initRoles', defined in class path resource [catholic/ac/kr/secureuserapp/service/AddAdminService.class], could not be registered. A bean with that name has already been defined in class path resource [catholic/ac/kr/secureuserapp/config/DataInitializer.class] and overriding is disabled.

Action:

Consider renaming one of the beans or enabling overriding by setting spring.main.allow-bean-definition-overriding=true

2025-06-19 12:53:29 ERROR [main] o.s.boot.SpringApplication - Application run failed
org.springframework.beans.factory.BeanCreationException: Error creating bean with name 'addAdminService': Invocation of init method failed
	at org.springframework.beans.factory.annotation.InitDestroyAnnotationBeanPostProcessor.postProcessBeforeInitialization(InitDestroyAnnotationBeanPostProcessor.java:222)
	at org.springframework.beans.factory.support.AbstractAutowireCapableBeanFactory.applyBeanPostProcessorsBeforeInitialization(AbstractAutowireCapableBeanFactory.java:423)
	at org.springframework.beans.factory.support.AbstractAutowireCapableBeanFactory.initializeBean(AbstractAutowireCapableBeanFactory.java:1804)
	at org.springframework.beans.factory.support.AbstractAutowireCapableBeanFactory.doCreateBean(AbstractAutowireCapableBeanFactory.java:601)
	at org.springframework.beans.factory.support.AbstractAutowireCapableBeanFactory.createBean(AbstractAutowireCapableBeanFactory.java:523)
	at org.springframework.beans.factory.support.AbstractBeanFactory.lambda$doGetBean$0(AbstractBeanFactory.java:339)
	at org.springframework.beans.factory.support.DefaultSingletonBeanRegistry.getSingleton(DefaultSingletonBeanRegistry.java:347)
	at org.springframework.beans.factory.support.AbstractBeanFactory.doGetBean(AbstractBeanFactory.java:337)
	at org.springframework.beans.factory.support.AbstractBeanFactory.getBean(AbstractBeanFactory.java:202)
	at org.springframework.beans.factory.support.DefaultListableBeanFactory.instantiateSingleton(DefaultListableBeanFactory.java:1155)
	at org.springframework.beans.factory.support.DefaultListableBeanFactory.preInstantiateSingleton(DefaultListableBeanFactory.java:1121)
	at org.springframework.beans.factory.support.DefaultListableBeanFactory.preInstantiateSingletons(DefaultListableBeanFactory.java:1056)
	at org.springframework.context.support.AbstractApplicationContext.finishBeanFactoryInitialization(AbstractApplicationContext.java:987)
	at org.springframework.context.support.AbstractApplicationContext.refresh(AbstractApplicationContext.java:627)
	at org.springframework.boot.web.servlet.context.ServletWebServerApplicationContext.refresh(ServletWebServerApplicationContext.java:146)
	at org.springframework.boot.SpringApplication.refresh(SpringApplication.java:752)
	at org.springframework.boot.SpringApplication.refreshContext(SpringApplication.java:439)
	at org.springframework.boot.SpringApplication.run(SpringApplication.java:318)
	at org.springframework.boot.SpringApplication.run(SpringApplication.java:1361)
	at org.springframework.boot.SpringApplication.run(SpringApplication.java:1350)
	at catholic.ac.kr.secureuserapp.BookApplication.main(BookApplication.java:12)
Caused by: java.lang.RuntimeException: Role not found
	at catholic.ac.kr.secureuserapp.service.AddAdminService.lambda$addUserWithRoleAdmin$0(AddAdminService.java:34)
	at java.base/java.util.Optional.orElseThrow(Optional.java:403)
	at catholic.ac.kr.secureuserapp.service.AddAdminService.addUserWithRoleAdmin(AddAdminService.java:34)
	at java.base/jdk.internal.reflect.DirectMethodHandleAccessor.invoke(DirectMethodHandleAccessor.java:103)
	at java.base/java.lang.reflect.Method.invoke(Method.java:580)
	at org.springframework.beans.factory.annotation.InitDestroyAnnotationBeanPostProcessor$LifecycleMethod.invoke(InitDestroyAnnotationBeanPostProcessor.java:457)
	at org.springframework.beans.factory.annotation.InitDestroyAnnotationBeanPostProcessor$LifecycleMetadata.invokeInitMethods(InitDestroyAnnotationBeanPostProcessor.java:401)
	at org.springframework.beans.factory.annotation.InitDestroyAnnotationBeanPostProcessor.postProcessBeforeInitialization(InitDestroyAnnotationBeanPostProcessor.java:219)
	... 20 common frames omitted
2025-06-19 12:54:23 ERROR [main] o.s.boot.SpringApplication - Application run failed
org.springframework.beans.factory.BeanCreationException: Error creating bean with name 'addAdminService': Invocation of init method failed
	at org.springframework.beans.factory.annotation.InitDestroyAnnotationBeanPostProcessor.postProcessBeforeInitialization(InitDestroyAnnotationBeanPostProcessor.java:222)
	at org.springframework.beans.factory.support.AbstractAutowireCapableBeanFactory.applyBeanPostProcessorsBeforeInitialization(AbstractAutowireCapableBeanFactory.java:423)
	at org.springframework.beans.factory.support.AbstractAutowireCapableBeanFactory.initializeBean(AbstractAutowireCapableBeanFactory.java:1804)
	at org.springframework.beans.factory.support.AbstractAutowireCapableBeanFactory.doCreateBean(AbstractAutowireCapableBeanFactory.java:601)
	at org.springframework.beans.factory.support.AbstractAutowireCapableBeanFactory.createBean(AbstractAutowireCapableBeanFactory.java:523)
	at org.springframework.beans.factory.support.AbstractBeanFactory.lambda$doGetBean$0(AbstractBeanFactory.java:339)
	at org.springframework.beans.factory.support.DefaultSingletonBeanRegistry.getSingleton(DefaultSingletonBeanRegistry.java:347)
	at org.springframework.beans.factory.support.AbstractBeanFactory.doGetBean(AbstractBeanFactory.java:337)
	at org.springframework.beans.factory.support.AbstractBeanFactory.getBean(AbstractBeanFactory.java:202)
	at org.springframework.beans.factory.support.DefaultListableBeanFactory.instantiateSingleton(DefaultListableBeanFactory.java:1155)
	at org.springframework.beans.factory.support.DefaultListableBeanFactory.preInstantiateSingleton(DefaultListableBeanFactory.java:1121)
	at org.springframework.beans.factory.support.DefaultListableBeanFactory.preInstantiateSingletons(DefaultListableBeanFactory.java:1056)
	at org.springframework.context.support.AbstractApplicationContext.finishBeanFactoryInitialization(AbstractApplicationContext.java:987)
	at org.springframework.context.support.AbstractApplicationContext.refresh(AbstractApplicationContext.java:627)
	at org.springframework.boot.web.servlet.context.ServletWebServerApplicationContext.refresh(ServletWebServerApplicationContext.java:146)
	at org.springframework.boot.SpringApplication.refresh(SpringApplication.java:752)
	at org.springframework.boot.SpringApplication.refreshContext(SpringApplication.java:439)
	at org.springframework.boot.SpringApplication.run(SpringApplication.java:318)
	at org.springframework.boot.SpringApplication.run(SpringApplication.java:1361)
	at org.springframework.boot.SpringApplication.run(SpringApplication.java:1350)
	at catholic.ac.kr.secureuserapp.BookApplication.main(BookApplication.java:12)
Caused by: java.lang.RuntimeException: Role not found
	at catholic.ac.kr.secureuserapp.service.AddAdminService.lambda$addUserWithRoleAdmin$0(AddAdminService.java:34)
	at java.base/java.util.Optional.orElseThrow(Optional.java:403)
	at catholic.ac.kr.secureuserapp.service.AddAdminService.addUserWithRoleAdmin(AddAdminService.java:34)
	at java.base/jdk.internal.reflect.DirectMethodHandleAccessor.invoke(DirectMethodHandleAccessor.java:103)
	at java.base/java.lang.reflect.Method.invoke(Method.java:580)
	at org.springframework.beans.factory.annotation.InitDestroyAnnotationBeanPostProcessor$LifecycleMethod.invoke(InitDestroyAnnotationBeanPostProcessor.java:457)
	at org.springframework.beans.factory.annotation.InitDestroyAnnotationBeanPostProcessor$LifecycleMetadata.invokeInitMethods(InitDestroyAnnotationBeanPostProcessor.java:401)
	at org.springframework.beans.factory.annotation.InitDestroyAnnotationBeanPostProcessor.postProcessBeforeInitialization(InitDestroyAnnotationBeanPostProcessor.java:219)
	... 20 common frames omitted
2025-06-19 12:57:49 ERROR [main] o.s.boot.SpringApplication - Application run failed
org.springframework.beans.factory.BeanCreationException: Error creating bean with name 'addAdminService': Invocation of init method failed
	at org.springframework.beans.factory.annotation.InitDestroyAnnotationBeanPostProcessor.postProcessBeforeInitialization(InitDestroyAnnotationBeanPostProcessor.java:222)
	at org.springframework.beans.factory.support.AbstractAutowireCapableBeanFactory.applyBeanPostProcessorsBeforeInitialization(AbstractAutowireCapableBeanFactory.java:423)
	at org.springframework.beans.factory.support.AbstractAutowireCapableBeanFactory.initializeBean(AbstractAutowireCapableBeanFactory.java:1804)
	at org.springframework.beans.factory.support.AbstractAutowireCapableBeanFactory.doCreateBean(AbstractAutowireCapableBeanFactory.java:601)
	at org.springframework.beans.factory.support.AbstractAutowireCapableBeanFactory.createBean(AbstractAutowireCapableBeanFactory.java:523)
	at org.springframework.beans.factory.support.AbstractBeanFactory.lambda$doGetBean$0(AbstractBeanFactory.java:339)
	at org.springframework.beans.factory.support.DefaultSingletonBeanRegistry.getSingleton(DefaultSingletonBeanRegistry.java:347)
	at org.springframework.beans.factory.support.AbstractBeanFactory.doGetBean(AbstractBeanFactory.java:337)
	at org.springframework.beans.factory.support.AbstractBeanFactory.getBean(AbstractBeanFactory.java:202)
	at org.springframework.beans.factory.support.DefaultListableBeanFactory.instantiateSingleton(DefaultListableBeanFactory.java:1155)
	at org.springframework.beans.factory.support.DefaultListableBeanFactory.preInstantiateSingleton(DefaultListableBeanFactory.java:1121)
	at org.springframework.beans.factory.support.DefaultListableBeanFactory.preInstantiateSingletons(DefaultListableBeanFactory.java:1056)
	at org.springframework.context.support.AbstractApplicationContext.finishBeanFactoryInitialization(AbstractApplicationContext.java:987)
	at org.springframework.context.support.AbstractApplicationContext.refresh(AbstractApplicationContext.java:627)
	at org.springframework.boot.web.servlet.context.ServletWebServerApplicationContext.refresh(ServletWebServerApplicationContext.java:146)
	at org.springframework.boot.SpringApplication.refresh(SpringApplication.java:752)
	at org.springframework.boot.SpringApplication.refreshContext(SpringApplication.java:439)
	at org.springframework.boot.SpringApplication.run(SpringApplication.java:318)
	at org.springframework.boot.SpringApplication.run(SpringApplication.java:1361)
	at org.springframework.boot.SpringApplication.run(SpringApplication.java:1350)
	at catholic.ac.kr.secureuserapp.BookApplication.main(BookApplication.java:12)
Caused by: java.lang.RuntimeException: Role not found
	at catholic.ac.kr.secureuserapp.service.AddAdminService.lambda$addUserWithRoleAdmin$0(AddAdminService.java:34)
	at java.base/java.util.Optional.orElseThrow(Optional.java:403)
	at catholic.ac.kr.secureuserapp.service.AddAdminService.addUserWithRoleAdmin(AddAdminService.java:34)
	at java.base/jdk.internal.reflect.DirectMethodHandleAccessor.invoke(DirectMethodHandleAccessor.java:103)
	at java.base/java.lang.reflect.Method.invoke(Method.java:580)
	at org.springframework.beans.factory.annotation.InitDestroyAnnotationBeanPostProcessor$LifecycleMethod.invoke(InitDestroyAnnotationBeanPostProcessor.java:457)
	at org.springframework.beans.factory.annotation.InitDestroyAnnotationBeanPostProcessor$LifecycleMetadata.invokeInitMethods(InitDestroyAnnotationBeanPostProcessor.java:401)
	at org.springframework.beans.factory.annotation.InitDestroyAnnotationBeanPostProcessor.postProcessBeforeInitialization(InitDestroyAnnotationBeanPostProcessor.java:219)
	... 20 common frames omitted
2025-06-19 12:58:30 ERROR [main] o.s.boot.SpringApplication - Application run failed
org.springframework.beans.factory.BeanCreationException: Error creating bean with name 'addAdminService': Invocation of init method failed
	at org.springframework.beans.factory.annotation.InitDestroyAnnotationBeanPostProcessor.postProcessBeforeInitialization(InitDestroyAnnotationBeanPostProcessor.java:222)
	at org.springframework.beans.factory.support.AbstractAutowireCapableBeanFactory.applyBeanPostProcessorsBeforeInitialization(AbstractAutowireCapableBeanFactory.java:423)
	at org.springframework.beans.factory.support.AbstractAutowireCapableBeanFactory.initializeBean(AbstractAutowireCapableBeanFactory.java:1804)
	at org.springframework.beans.factory.support.AbstractAutowireCapableBeanFactory.doCreateBean(AbstractAutowireCapableBeanFactory.java:601)
	at org.springframework.beans.factory.support.AbstractAutowireCapableBeanFactory.createBean(AbstractAutowireCapableBeanFactory.java:523)
	at org.springframework.beans.factory.support.AbstractBeanFactory.lambda$doGetBean$0(AbstractBeanFactory.java:339)
	at org.springframework.beans.factory.support.DefaultSingletonBeanRegistry.getSingleton(DefaultSingletonBeanRegistry.java:347)
	at org.springframework.beans.factory.support.AbstractBeanFactory.doGetBean(AbstractBeanFactory.java:337)
	at org.springframework.beans.factory.support.AbstractBeanFactory.getBean(AbstractBeanFactory.java:202)
	at org.springframework.beans.factory.support.DefaultListableBeanFactory.instantiateSingleton(DefaultListableBeanFactory.java:1155)
	at org.springframework.beans.factory.support.DefaultListableBeanFactory.preInstantiateSingleton(DefaultListableBeanFactory.java:1121)
	at org.springframework.beans.factory.support.DefaultListableBeanFactory.preInstantiateSingletons(DefaultListableBeanFactory.java:1056)
	at org.springframework.context.support.AbstractApplicationContext.finishBeanFactoryInitialization(AbstractApplicationContext.java:987)
	at org.springframework.context.support.AbstractApplicationContext.refresh(AbstractApplicationContext.java:627)
	at org.springframework.boot.web.servlet.context.ServletWebServerApplicationContext.refresh(ServletWebServerApplicationContext.java:146)
	at org.springframework.boot.SpringApplication.refresh(SpringApplication.java:752)
	at org.springframework.boot.SpringApplication.refreshContext(SpringApplication.java:439)
	at org.springframework.boot.SpringApplication.run(SpringApplication.java:318)
	at org.springframework.boot.SpringApplication.run(SpringApplication.java:1361)
	at org.springframework.boot.SpringApplication.run(SpringApplication.java:1350)
	at catholic.ac.kr.secureuserapp.BookApplication.main(BookApplication.java:12)
Caused by: java.lang.RuntimeException: Role not found
	at catholic.ac.kr.secureuserapp.service.AddAdminService.lambda$addUserWithRoleAdmin$0(AddAdminService.java:34)
	at java.base/java.util.Optional.orElseThrow(Optional.java:403)
	at catholic.ac.kr.secureuserapp.service.AddAdminService.addUserWithRoleAdmin(AddAdminService.java:34)
	at java.base/jdk.internal.reflect.DirectMethodHandleAccessor.invoke(DirectMethodHandleAccessor.java:103)
	at java.base/java.lang.reflect.Method.invoke(Method.java:580)
	at org.springframework.beans.factory.annotation.InitDestroyAnnotationBeanPostProcessor$LifecycleMethod.invoke(InitDestroyAnnotationBeanPostProcessor.java:457)
	at org.springframework.beans.factory.annotation.InitDestroyAnnotationBeanPostProcessor$LifecycleMetadata.invokeInitMethods(InitDestroyAnnotationBeanPostProcessor.java:401)
	at org.springframework.beans.factory.annotation.InitDestroyAnnotationBeanPostProcessor.postProcessBeforeInitialization(InitDestroyAnnotationBeanPostProcessor.java:219)
	... 20 common frames omitted
2025-06-19 12:59:58 ERROR [main] o.s.boot.SpringApplication - Application run failed
org.springframework.beans.factory.BeanCreationException: Error creating bean with name 'addAdminService': Invocation of init method failed
	at org.springframework.beans.factory.annotation.InitDestroyAnnotationBeanPostProcessor.postProcessBeforeInitialization(InitDestroyAnnotationBeanPostProcessor.java:222)
	at org.springframework.beans.factory.support.AbstractAutowireCapableBeanFactory.applyBeanPostProcessorsBeforeInitialization(AbstractAutowireCapableBeanFactory.java:423)
	at org.springframework.beans.factory.support.AbstractAutowireCapableBeanFactory.initializeBean(AbstractAutowireCapableBeanFactory.java:1804)
	at org.springframework.beans.factory.support.AbstractAutowireCapableBeanFactory.doCreateBean(AbstractAutowireCapableBeanFactory.java:601)
	at org.springframework.beans.factory.support.AbstractAutowireCapableBeanFactory.createBean(AbstractAutowireCapableBeanFactory.java:523)
	at org.springframework.beans.factory.support.AbstractBeanFactory.lambda$doGetBean$0(AbstractBeanFactory.java:339)
	at org.springframework.beans.factory.support.DefaultSingletonBeanRegistry.getSingleton(DefaultSingletonBeanRegistry.java:347)
	at org.springframework.beans.factory.support.AbstractBeanFactory.doGetBean(AbstractBeanFactory.java:337)
	at org.springframework.beans.factory.support.AbstractBeanFactory.getBean(AbstractBeanFactory.java:202)
	at org.springframework.beans.factory.support.DefaultListableBeanFactory.instantiateSingleton(DefaultListableBeanFactory.java:1155)
	at org.springframework.beans.factory.support.DefaultListableBeanFactory.preInstantiateSingleton(DefaultListableBeanFactory.java:1121)
	at org.springframework.beans.factory.support.DefaultListableBeanFactory.preInstantiateSingletons(DefaultListableBeanFactory.java:1056)
	at org.springframework.context.support.AbstractApplicationContext.finishBeanFactoryInitialization(AbstractApplicationContext.java:987)
	at org.springframework.context.support.AbstractApplicationContext.refresh(AbstractApplicationContext.java:627)
	at org.springframework.boot.web.servlet.context.ServletWebServerApplicationContext.refresh(ServletWebServerApplicationContext.java:146)
	at org.springframework.boot.SpringApplication.refresh(SpringApplication.java:752)
	at org.springframework.boot.SpringApplication.refreshContext(SpringApplication.java:439)
	at org.springframework.boot.SpringApplication.run(SpringApplication.java:318)
	at org.springframework.boot.SpringApplication.run(SpringApplication.java:1361)
	at org.springframework.boot.SpringApplication.run(SpringApplication.java:1350)
	at catholic.ac.kr.secureuserapp.BookApplication.main(BookApplication.java:12)
Caused by: java.lang.RuntimeException: Role not found
	at catholic.ac.kr.secureuserapp.service.AddAdminService.lambda$addUserWithRoleAdmin$0(AddAdminService.java:34)
	at java.base/java.util.Optional.orElseThrow(Optional.java:403)
	at catholic.ac.kr.secureuserapp.service.AddAdminService.addUserWithRoleAdmin(AddAdminService.java:34)
	at java.base/jdk.internal.reflect.DirectMethodHandleAccessor.invoke(DirectMethodHandleAccessor.java:103)
	at java.base/java.lang.reflect.Method.invoke(Method.java:580)
	at org.springframework.beans.factory.annotation.InitDestroyAnnotationBeanPostProcessor$LifecycleMethod.invoke(InitDestroyAnnotationBeanPostProcessor.java:457)
	at org.springframework.beans.factory.annotation.InitDestroyAnnotationBeanPostProcessor$LifecycleMetadata.invokeInitMethods(InitDestroyAnnotationBeanPostProcessor.java:401)
	at org.springframework.beans.factory.annotation.InitDestroyAnnotationBeanPostProcessor.postProcessBeforeInitialization(InitDestroyAnnotationBeanPostProcessor.java:219)
	... 20 common frames omitted
2025-06-19 13:01:49 ERROR [main] o.s.boot.SpringApplication - Application run failed
org.springframework.beans.factory.BeanCreationException: Error creating bean with name 'addAdminService': Invocation of init method failed
	at org.springframework.beans.factory.annotation.InitDestroyAnnotationBeanPostProcessor.postProcessBeforeInitialization(InitDestroyAnnotationBeanPostProcessor.java:222)
	at org.springframework.beans.factory.support.AbstractAutowireCapableBeanFactory.applyBeanPostProcessorsBeforeInitialization(AbstractAutowireCapableBeanFactory.java:423)
	at org.springframework.beans.factory.support.AbstractAutowireCapableBeanFactory.initializeBean(AbstractAutowireCapableBeanFactory.java:1804)
	at org.springframework.beans.factory.support.AbstractAutowireCapableBeanFactory.doCreateBean(AbstractAutowireCapableBeanFactory.java:601)
	at org.springframework.beans.factory.support.AbstractAutowireCapableBeanFactory.createBean(AbstractAutowireCapableBeanFactory.java:523)
	at org.springframework.beans.factory.support.AbstractBeanFactory.lambda$doGetBean$0(AbstractBeanFactory.java:339)
	at org.springframework.beans.factory.support.DefaultSingletonBeanRegistry.getSingleton(DefaultSingletonBeanRegistry.java:347)
	at org.springframework.beans.factory.support.AbstractBeanFactory.doGetBean(AbstractBeanFactory.java:337)
	at org.springframework.beans.factory.support.AbstractBeanFactory.getBean(AbstractBeanFactory.java:202)
	at org.springframework.beans.factory.support.DefaultListableBeanFactory.instantiateSingleton(DefaultListableBeanFactory.java:1155)
	at org.springframework.beans.factory.support.DefaultListableBeanFactory.preInstantiateSingleton(DefaultListableBeanFactory.java:1121)
	at org.springframework.beans.factory.support.DefaultListableBeanFactory.preInstantiateSingletons(DefaultListableBeanFactory.java:1056)
	at org.springframework.context.support.AbstractApplicationContext.finishBeanFactoryInitialization(AbstractApplicationContext.java:987)
	at org.springframework.context.support.AbstractApplicationContext.refresh(AbstractApplicationContext.java:627)
	at org.springframework.boot.web.servlet.context.ServletWebServerApplicationContext.refresh(ServletWebServerApplicationContext.java:146)
	at org.springframework.boot.SpringApplication.refresh(SpringApplication.java:752)
	at org.springframework.boot.SpringApplication.refreshContext(SpringApplication.java:439)
	at org.springframework.boot.SpringApplication.run(SpringApplication.java:318)
	at org.springframework.boot.SpringApplication.run(SpringApplication.java:1361)
	at org.springframework.boot.SpringApplication.run(SpringApplication.java:1350)
	at catholic.ac.kr.secureuserapp.BookApplication.main(BookApplication.java:12)
Caused by: java.lang.RuntimeException: Role not found
	at catholic.ac.kr.secureuserapp.service.AddAdminService.lambda$addUserWithRoleAdmin$0(AddAdminService.java:34)
	at java.base/java.util.Optional.orElseThrow(Optional.java:403)
	at catholic.ac.kr.secureuserapp.service.AddAdminService.addUserWithRoleAdmin(AddAdminService.java:34)
	at java.base/jdk.internal.reflect.DirectMethodHandleAccessor.invoke(DirectMethodHandleAccessor.java:103)
	at java.base/java.lang.reflect.Method.invoke(Method.java:580)
	at org.springframework.beans.factory.annotation.InitDestroyAnnotationBeanPostProcessor$LifecycleMethod.invoke(InitDestroyAnnotationBeanPostProcessor.java:457)
	at org.springframework.beans.factory.annotation.InitDestroyAnnotationBeanPostProcessor$LifecycleMetadata.invokeInitMethods(InitDestroyAnnotationBeanPostProcessor.java:401)
	at org.springframework.beans.factory.annotation.InitDestroyAnnotationBeanPostProcessor.postProcessBeforeInitialization(InitDestroyAnnotationBeanPostProcessor.java:219)
	... 20 common frames omitted
2025-06-19 13:04:08 ERROR [http-nio-8080-exec-6] o.h.e.jdbc.spi.SqlExceptionHelper - Violation of UNIQUE KEY constraint 'UKf95ixxe7pa48ryn1awmh2evt7'. Cannot insert duplicate key in object 'dbo.refresh_token'. The duplicate key value is (2).
2025-06-19 13:05:22 ERROR [http-nio-8080-exec-2] o.h.e.jdbc.spi.SqlExceptionHelper - Violation of UNIQUE KEY constraint 'UKf95ixxe7pa48ryn1awmh2evt7'. Cannot insert duplicate key in object 'dbo.refresh_token'. The duplicate key value is (2).
2025-06-19 13:08:58 ERROR [http-nio-8080-exec-4] o.h.e.jdbc.spi.SqlExceptionHelper - Violation of UNIQUE KEY constraint 'UKf95ixxe7pa48ryn1awmh2evt7'. Cannot insert duplicate key in object 'dbo.refresh_token'. The duplicate key value is (2).
2025-06-19 13:27:53 ERROR [http-nio-8080-exec-5] o.h.e.jdbc.spi.SqlExceptionHelper - Violation of UNIQUE KEY constraint 'UKf95ixxe7pa48ryn1awmh2evt7'. Cannot insert duplicate key in object 'dbo.refresh_token'. The duplicate key value is (2).
2025-06-19 15:26:49 ERROR [http-nio-8080-exec-2] o.h.e.jdbc.spi.SqlExceptionHelper - Violation of UNIQUE KEY constraint 'UKf95ixxe7pa48ryn1awmh2evt7'. Cannot insert duplicate key in object 'dbo.refresh_token'. The duplicate key value is (2).
